#-----------------------------------------------------------
# Vivado v2015.1 (64-bit)
# SW Build 1215546 on Mon Apr 27 19:07:21 MDT 2015
# IP Build 1209967 on Tue Apr 21 11:39:20 MDT 2015
# Start of session at: Tue Jun  7 04:33:02 2016
# Process ID: 2024
# Log file: /home/yanai/JRThrash/vivado.log
# Journal file: /home/yanai/JRThrash/vivado.jou
#-----------------------------------------------------------
start_gui
open_project /home/yanai/project_1/project_1.xpr
Scanning sources...
Finished scanning sources
INFO: [IP_Flow 19-234] Refreshing IP repositories
INFO: [IP_Flow 19-1704] No user IP repositories specified
INFO: [IP_Flow 19-2313] Loaded Vivado IP repository '/opt/Xilin/Vivado/2015.1/data/ip'.
open_project: Time (s): cpu = 00:00:06 ; elapsed = 00:00:05 . Memory (MB): peak = 5735.137 ; gain = 31.852 ; free physical = 4812 ; free virtual = 14534
set_property SOURCE_SET sources_1 [get_filesets sim_1]
add_files -fileset sim_1 -norecurse /home/yanai/JRThrash/C1_tb.v
update_compile_order -fileset sim_1
update_compile_order -fileset sim_1
update_compile_order -fileset sim_1
launch_simulation
INFO: [USF-XSim-27] Simulation object is 'sim_1'
INFO: [USF-XSim-37] Inspecting design source files for 'C1_tb' in fileset 'sim_1'...
INFO: [USF-XSim-97] Finding global include files...
INFO: [USF-XSim-98] Fetching design files from 'sim_1'...
INFO: [USF-XSim-2] XSim::Compile design
INFO: [USF-XSim-61] Executing 'COMPILE' step in '/home/yanai/project_1/project_1.sim/sim_1/behav'
xvlog -m64 --relax -prj C1_tb_vlog.prj
INFO: [VRFC 10-2263] Analyzing Verilog file "/home/yanai/JRThrash/result/addfloat.v" into library xil_defaultlib
INFO: [VRFC 10-311] analyzing module addfloat
INFO: [VRFC 10-2263] Analyzing Verilog file "/home/yanai/JRThrash/C1_tb.v" into library xil_defaultlib
INFO: [VRFC 10-311] analyzing module C1_tb
INFO: [VRFC 10-2263] Analyzing Verilog file "/home/yanai/project_1/project_1.sim/sim_1/behav/glbl.v" into library xil_defaultlib
INFO: [VRFC 10-311] analyzing module glbl
xvhdl -m64 --relax -prj C1_tb_vhdl.prj
INFO: [VRFC 10-163] Analyzing VHDL file "/home/yanai/project_1/project_1.srcs/sources_1/ip/AddFloat_1/xbip_utils_v3_0/hdl/xbip_utils_v3_0_vh_rfs.vhd" into library xbip_utils_v3_0
INFO: [VRFC 10-163] Analyzing VHDL file "/home/yanai/project_1/project_1.srcs/sources_1/ip/AddFloat_1/axi_utils_v2_0/hdl/axi_utils_v2_0_vh_rfs.vhd" into library axi_utils_v2_0
INFO: [VRFC 10-307] analyzing entity glb_srl_fifo
INFO: [VRFC 10-307] analyzing entity glb_ifx_slave
INFO: [VRFC 10-307] analyzing entity glb_ifx_master
INFO: [VRFC 10-307] analyzing entity axi_slave_2to1
INFO: [VRFC 10-307] analyzing entity axi_slave_3to1
INFO: [VRFC 10-307] analyzing entity axi_slave_4to1
INFO: [VRFC 10-163] Analyzing VHDL file "/home/yanai/project_1/project_1.srcs/sources_1/ip/AddFloat_1/xbip_pipe_v3_0/hdl/xbip_pipe_v3_0_vh_rfs.vhd" into library xbip_pipe_v3_0
INFO: [VRFC 10-307] analyzing entity xbip_pipe_v3_0_viv
INFO: [VRFC 10-163] Analyzing VHDL file "/home/yanai/project_1/project_1.srcs/sources_1/ip/AddFloat_1/xbip_pipe_v3_0/hdl/xbip_pipe_v3_0.vhd" into library xbip_pipe_v3_0
INFO: [VRFC 10-307] analyzing entity xbip_pipe_v3_0
INFO: [VRFC 10-163] Analyzing VHDL file "/home/yanai/project_1/project_1.srcs/sources_1/ip/AddFloat_1/xbip_dsp48_wrapper_v3_0/hdl/xbip_dsp48_wrapper_v3_0_vh_rfs.vhd" into library xbip_dsp48_wrapper_v3_0
INFO: [VRFC 10-307] analyzing entity xbip_dsp48a_wrapper_v3_0
INFO: [VRFC 10-307] analyzing entity xbip_dsp48a1_wrapper_v3_0
INFO: [VRFC 10-307] analyzing entity xbip_dsp48e_wrapper_v3_0
INFO: [VRFC 10-307] analyzing entity xbip_dsp48e1_wrapper_v3_0
INFO: [VRFC 10-307] analyzing entity xbip_dsp48e2_wrapper_v3_0
INFO: [VRFC 10-307] analyzing entity xbip_dsp48_wrapper_v3_0
INFO: [VRFC 10-163] Analyzing VHDL file "/home/yanai/project_1/project_1.srcs/sources_1/ip/AddFloat_1/xbip_dsp48_addsub_v3_0/hdl/xbip_dsp48_addsub_v3_0_vh_rfs.vhd" into library xbip_dsp48_addsub_v3_0
INFO: [VRFC 10-307] analyzing entity xbip_dsp48_addsub_rtl
INFO: [VRFC 10-307] analyzing entity xbip_dsp48_addsub_synth
INFO: [VRFC 10-307] analyzing entity xbip_dsp48_addsub_v3_0_viv
INFO: [VRFC 10-163] Analyzing VHDL file "/home/yanai/project_1/project_1.srcs/sources_1/ip/AddFloat_1/xbip_dsp48_addsub_v3_0/hdl/xbip_dsp48_addsub_v3_0.vhd" into library xbip_dsp48_addsub_v3_0
INFO: [VRFC 10-307] analyzing entity xbip_dsp48_addsub_v3_0
INFO: [VRFC 10-163] Analyzing VHDL file "/home/yanai/project_1/project_1.srcs/sources_1/ip/AddFloat_1/xbip_bram18k_v3_0/hdl/xbip_bram18k_v3_0_vh_rfs.vhd" into library xbip_bram18k_v3_0
INFO: [VRFC 10-307] analyzing entity xbip_bram18k_synth
INFO: [VRFC 10-307] analyzing entity xbip_bram18k_rtl
INFO: [VRFC 10-307] analyzing entity xbip_bram18k_v3_0_viv
INFO: [VRFC 10-163] Analyzing VHDL file "/home/yanai/project_1/project_1.srcs/sources_1/ip/AddFloat_1/xbip_bram18k_v3_0/hdl/xbip_bram18k_v3_0.vhd" into library xbip_bram18k_v3_0
INFO: [VRFC 10-307] analyzing entity xbip_bram18k_v3_0
INFO: [VRFC 10-163] Analyzing VHDL file "/home/yanai/project_1/project_1.srcs/sources_1/ip/AddFloat_1/mult_gen_v12_0/hdl/mult_gen_v12_0_vh_rfs.vhd" into library mult_gen_v12_0
INFO: [VRFC 10-307] analyzing entity op_resize
INFO: [VRFC 10-307] analyzing entity delay_line
INFO: [VRFC 10-307] analyzing entity cc_compare
INFO: [VRFC 10-307] analyzing entity luts
INFO: [VRFC 10-307] analyzing entity mult18
INFO: [VRFC 10-307] analyzing entity dsp
INFO: [VRFC 10-307] analyzing entity hybrid
INFO: [VRFC 10-307] analyzing entity ccm_dist_mem
INFO: [VRFC 10-307] analyzing entity ccm_sp_block_mem
INFO: [VRFC 10-307] analyzing entity ccm_dp_block_mem
INFO: [VRFC 10-307] analyzing entity ccm_syncmem
INFO: [VRFC 10-307] analyzing entity ccm_scaled_adder
INFO: [VRFC 10-307] analyzing entity ccm_operation
INFO: [VRFC 10-307] analyzing entity ccm
INFO: [VRFC 10-307] analyzing entity three_input_adder
INFO: [VRFC 10-307] analyzing entity multmxn_lut6
INFO: [VRFC 10-307] analyzing entity mult_gen_v12_0_viv
INFO: [VRFC 10-163] Analyzing VHDL file "/home/yanai/project_1/project_1.srcs/sources_1/ip/AddFloat_1/mult_gen_v12_0/hdl/mult_gen_v12_0.vhd" into library mult_gen_v12_0
INFO: [VRFC 10-307] analyzing entity mult_gen_v12_0
INFO: [VRFC 10-163] Analyzing VHDL file "/home/yanai/project_1/project_1.srcs/sources_1/ip/AddFloat_1/floating_point_v7_0/hdl/floating_point_v7_0_vh_rfs.vhd" into library floating_point_v7_0
INFO: [VRFC 10-307] analyzing entity fdgS
INFO: [VRFC 10-307] analyzing entity fdgW
INFO: [VRFC 10-307] analyzing entity lutV
INFO: [VRFC 10-307] analyzing entity lutS
INFO: [VRFC 10-307] analyzing entity lutN
INFO: [VRFC 10-307] analyzing entity lutNMuxS
INFO: [VRFC 10-307] analyzing entity srl16eS
INFO: [VRFC 10-307] analyzing entity delayS
INFO: [VRFC 10-307] analyzing entity andW
INFO: [VRFC 10-307] analyzing entity orW
INFO: [VRFC 10-307] analyzing entity srl16ew
INFO: [VRFC 10-307] analyzing entity delayW
INFO: [VRFC 10-307] analyzing entity compW
INFO: [VRFC 10-307] analyzing entity addSubW
INFO: [VRFC 10-307] analyzing entity equalW
INFO: [VRFC 10-307] analyzing entity addW
INFO: [VRFC 10-307] analyzing entity mult18
INFO: [VRFC 10-307] analyzing entity cntrlgen
INFO: [VRFC 10-307] analyzing entity cntrlgen2
INFO: [VRFC 10-307] analyzing entity ppGenR8
INFO: [VRFC 10-307] analyzing entity ppGenR8Msb2
INFO: [VRFC 10-307] analyzing entity addSubShGW
INFO: [VRFC 10-307] analyzing entity addSubShFW
INFO: [VRFC 10-307] analyzing entity vmRoundW
INFO: [VRFC 10-307] analyzing entity vmsMultCore
INFO: [VRFC 10-307] analyzing entity wideEmbedMult4
INFO: [VRFC 10-307] analyzing entity wideEmbedMult16
INFO: [VRFC 10-307] analyzing entity wideEmbedMult
INFO: [VRFC 10-307] analyzing entity dsp48MultALine
INFO: [VRFC 10-307] analyzing entity dsp48Mult
INFO: [VRFC 10-307] analyzing entity xMult
INFO: [VRFC 10-307] analyzing entity delay
INFO: [VRFC 10-307] analyzing entity delay_s
INFO: [VRFC 10-307] analyzing entity mux_bus2
INFO: [VRFC 10-307] analyzing entity twos_comp
INFO: [VRFC 10-307] analyzing entity carry_chain
INFO: [VRFC 10-307] analyzing entity mux4
INFO: [VRFC 10-307] analyzing entity compare_gt
INFO: [VRFC 10-307] analyzing entity compare_eq_im
INFO: [VRFC 10-307] analyzing entity compare_ne_im
INFO: [VRFC 10-307] analyzing entity compare_eq
INFO: [VRFC 10-307] analyzing entity compare
INFO: [VRFC 10-307] analyzing entity special_detect
INFO: [VRFC 10-307] analyzing entity norm_zero_det
INFO: [VRFC 10-307] analyzing entity zero_det_sel
INFO: [VRFC 10-307] analyzing entity shift_msb_first
INFO: [VRFC 10-307] analyzing entity flt_dec_op
INFO: [VRFC 10-307] analyzing entity flt_dec_op_lat
INFO: [VRFC 10-307] analyzing entity lead_zero_encode
INFO: [VRFC 10-307] analyzing entity lead_zero_encode_shift
INFO: [VRFC 10-307] analyzing entity dsp48e1_wrapper
INFO: [VRFC 10-307] analyzing entity dsp48e2_wrapper
INFO: [VRFC 10-307] analyzing entity addsub_logic
INFO: [VRFC 10-307] analyzing entity addsub_dsp
INFO: [VRFC 10-307] analyzing entity addsub
INFO: [VRFC 10-307] analyzing entity flt_round_bit
INFO: [VRFC 10-307] analyzing entity renorm_and_round_logic
INFO: [VRFC 10-307] analyzing entity norm_and_round_dsp48e1_sgl
INFO: [VRFC 10-307] analyzing entity norm_and_round_logic
INFO: [VRFC 10-307] analyzing entity alignment
INFO: [VRFC 10-307] analyzing entity normalize
INFO: [VRFC 10-307] analyzing entity align_add_dsp48e1_sgl
INFO: [VRFC 10-307] analyzing entity align_add
INFO: [VRFC 10-307] analyzing entity multadd
INFO: [VRFC 10-307] analyzing entity compare_ge
INFO: [VRFC 10-307] analyzing entity fix_to_flt_conv_exp
INFO: [VRFC 10-307] analyzing entity fix_to_flt_conv
INFO: [VRFC 10-307] analyzing entity flt_to_fix_conv
INFO: [VRFC 10-307] analyzing entity flt_to_flt_conv_exp
INFO: [VRFC 10-307] analyzing entity flt_to_flt_conv
INFO: [VRFC 10-307] analyzing entity fp_cmp
INFO: [VRFC 10-307] analyzing entity flt_sqrt_mant_addsub
INFO: [VRFC 10-307] analyzing entity flt_sqrt_mant
INFO: [VRFC 10-307] analyzing entity flt_sqrt_exp
INFO: [VRFC 10-307] analyzing entity flt_sqrt
INFO: [VRFC 10-307] analyzing entity flt_div_mant_addsub
INFO: [VRFC 10-307] analyzing entity flt_div_mant
INFO: [VRFC 10-307] analyzing entity flt_div_exp
INFO: [VRFC 10-307] analyzing entity flt_div
INFO: [VRFC 10-307] analyzing entity fix_mult_dsp48e1_lat_dbl
INFO: [VRFC 10-307] analyzing entity fix_mult_dsp48e1_sgl
INFO: [VRFC 10-307] analyzing entity fix_mult_dsp48e1_dbl
INFO: [VRFC 10-307] analyzing entity fix_mult_dsp48e2_dbl
INFO: [VRFC 10-307] analyzing entity fix_mult_qq
INFO: [VRFC 10-307] analyzing entity fix_mult_xx
INFO: [VRFC 10-307] analyzing entity fix_mult
INFO: [VRFC 10-307] analyzing entity flt_round_dsp_opt_full
INFO: [VRFC 10-307] analyzing entity flt_round_dsp_opt_part
INFO: [VRFC 10-307] analyzing entity flt_mult_round
INFO: [VRFC 10-307] analyzing entity flt_mult_exp
INFO: [VRFC 10-307] analyzing entity flt_mult
INFO: [VRFC 10-307] analyzing entity flt_add_exp
INFO: [VRFC 10-307] analyzing entity flt_add_logic
INFO: [VRFC 10-307] analyzing entity flt_add_dsp
INFO: [VRFC 10-307] analyzing entity flt_add_lat_align_add
INFO: [VRFC 10-307] analyzing entity flt_add_lat_norm
INFO: [VRFC 10-307] analyzing entity flt_add_lat_exp
INFO: [VRFC 10-307] analyzing entity flt_add_lat
INFO: [VRFC 10-307] analyzing entity flt_add
INFO: [VRFC 10-307] analyzing entity flt_recip_approx
INFO: [VRFC 10-307] analyzing entity flt_recip_nr
INFO: [VRFC 10-307] analyzing entity flt_recip_reduction_calc
INFO: [VRFC 10-307] analyzing entity flt_recip_eval
INFO: [VRFC 10-307] analyzing entity flt_recip_postprocess
INFO: [VRFC 10-307] analyzing entity flt_recip_specialcase
INFO: [VRFC 10-307] analyzing entity flt_recip_recomb
INFO: [VRFC 10-307] analyzing entity flt_recipsqrt_dp_m_calc
INFO: [VRFC 10-307] analyzing entity flt_recip
INFO: [VRFC 10-307] analyzing entity flt_log_addsub
INFO: [VRFC 10-307] analyzing entity flt_log_addsub_taylor_fabric
INFO: [VRFC 10-307] analyzing entity flt_log_addsub_taylor_combiner_fabric
INFO: [VRFC 10-307] analyzing entity flt_log_single_one_detect
INFO: [VRFC 10-307] analyzing entity flt_log_inproc
INFO: [VRFC 10-307] analyzing entity flt_log_exp
INFO: [VRFC 10-307] analyzing entity flt_log_L_block_memory
INFO: [VRFC 10-307] analyzing entity flt_pt_log_L_block
INFO: [VRFC 10-307] analyzing entity flt_log_rr_mul_iter
INFO: [VRFC 10-307] analyzing entity flt_log_rr_mul
INFO: [VRFC 10-307] analyzing entity flt_log_rr
INFO: [VRFC 10-307] analyzing entity flt_log_taylor
INFO: [VRFC 10-307] analyzing entity flt_log_shift_msb_first
INFO: [VRFC 10-307] analyzing entity flt_log_lead_zero_encode
INFO: [VRFC 10-307] analyzing entity flt_log_normalize
INFO: [VRFC 10-307] analyzing entity flt_log_norm
INFO: [VRFC 10-307] analyzing entity flt_log_rnd
INFO: [VRFC 10-307] analyzing entity flt_log_specialcase
INFO: [VRFC 10-307] analyzing entity flt_log_recomb
INFO: [VRFC 10-307] analyzing entity flt_log
INFO: [VRFC 10-307] analyzing entity flt_exp_specialcase
INFO: [VRFC 10-307] analyzing entity flt_exp_recomb
INFO: [VRFC 10-307] analyzing entity flt_exp_ccm
INFO: [VRFC 10-307] analyzing entity flt_exp_e2A
INFO: [VRFC 10-307] analyzing entity flt_exp_dp_poly
INFO: [VRFC 10-307] analyzing entity flt_exp_e2zmzm1
INFO: [VRFC 10-307] analyzing entity flt_exp
INFO: [VRFC 10-307] analyzing entity flt_fma_specialcase
INFO: [VRFC 10-307] analyzing entity flt_fma_round_bit
INFO: [VRFC 10-307] analyzing entity flt_fma_renorm_and_round_logic
INFO: [VRFC 10-307] analyzing entity flt_fma_special_detect
INFO: [VRFC 10-307] analyzing entity flt_fma_add_exp
INFO: [VRFC 10-307] analyzing entity flt_fma_alignment
INFO: [VRFC 10-307] analyzing entity flt_fma_addsub_dsp1
INFO: [VRFC 10-307] analyzing entity flt_fma_addsub_dsp2
INFO: [VRFC 10-307] analyzing entity flt_fma_addsub
INFO: [VRFC 10-307] analyzing entity flt_fma_align_add
INFO: [VRFC 10-307] analyzing entity flt_fma_norm_logic
INFO: [VRFC 10-307] analyzing entity flt_fma_add_logic
INFO: [VRFC 10-307] analyzing entity flt_fma_add
INFO: [VRFC 10-307] analyzing entity flt_fma_mul
INFO: [VRFC 10-307] analyzing entity flt_fma
INFO: [VRFC 10-307] analyzing entity flt_accum_flt_to_fix
INFO: [VRFC 10-307] analyzing entity flt_accum_bit_encode
INFO: [VRFC 10-307] analyzing entity flt_accum
INFO: [VRFC 10-307] analyzing entity floating_point_v7_0_viv
INFO: [VRFC 10-307] analyzing entity floating_point_v7_0
INFO: [VRFC 10-163] Analyzing VHDL file "/home/yanai/project_1/project_1.srcs/sources_1/ip/AddFloat_1/sim/AddFloat.vhd" into library xil_defaultlib
INFO: [VRFC 10-307] analyzing entity AddFloat
INFO: [USF-XSim-3] XSim::Elaborate design
INFO: [USF-XSim-61] Executing 'ELABORATE' step in '/home/yanai/project_1/project_1.sim/sim_1/behav'
Vivado Simulator 2015.1
Copyright 1986-1999, 2001-2015 Xilinx, Inc. All Rights Reserved.
Running: /opt/Xilin/Vivado/2015.1/bin/unwrapped/lnx64.o/xelab -wto 576a36866e514f4ab9b840ee7f03a5ab --debug typical --relax --mt 8 -L xbip_utils_v3_0 -L axi_utils_v2_0 -L xbip_pipe_v3_0 -L xbip_dsp48_wrapper_v3_0 -L xbip_dsp48_addsub_v3_0 -L xbip_bram18k_v3_0 -L mult_gen_v12_0 -L floating_point_v7_0 -L xil_defaultlib -L unisims_ver -L unimacro_ver -L secureip --snapshot C1_tb_behav xil_defaultlib.C1_tb xil_defaultlib.glbl -log elaborate.log 
Using 8 slave threads.
Starting static elaboration
ERROR: [VRFC 10-383] binding vhdl entity addfloat_default does not have port aclken [/home/yanai/JRThrash/result/addfloat.v:68]
ERROR: [XSIM 43-3322] Static elaboration of top level Verilog design unit(s) in library work failed.
INFO: [USF-XSim-99] Step results log file:'/home/yanai/project_1/project_1.sim/sim_1/behav/elaborate.log'
ERROR: [USF-XSim-62] 'elaborate' step failed with error(s). Please check the Tcl console output or '/home/yanai/project_1/project_1.sim/sim_1/behav/elaborate.log' file for more information.
launch_simulation: Time (s): cpu = 00:00:06 ; elapsed = 00:00:07 . Memory (MB): peak = 5764.109 ; gain = 1.906 ; free physical = 4714 ; free virtual = 14478
set_property -dict [list CONFIG.Add_Sub_Value {Add} CONFIG.Maximum_Latency {false} CONFIG.C_Latency {4}] [get_ips AddFloat]
generate_target all [get_files  /home/yanai/project_1/project_1.srcs/sources_1/ip/AddFloat_1/AddFloat.xci]
INFO: [IP_Flow 19-1686] Generating 'Instantiation Template' target for IP 'AddFloat'...
INFO: [IP_Flow 19-1686] Generating 'Synthesis' target for IP 'AddFloat'...
WARNING: [IP_Flow 19-1687] The current project language is set to Verilog. However IP 'AddFloat' does not support 'Verilog Synthesis' output products, delivering 'VHDL Synthesis' output products instead.
INFO: [IP_Flow 19-1686] Generating 'Simulation' target for IP 'AddFloat'...
WARNING: [IP_Flow 19-1687] The current project language is set to Verilog. However IP 'AddFloat' does not support 'Verilog Simulation' output products, delivering 'VHDL Simulation' output products instead.
INFO: [IP_Flow 19-1686] Generating 'C Simulation' target for IP 'AddFloat'...
INFO: [IP_Flow 19-1686] Generating 'Test Bench' target for IP 'AddFloat'...
WARNING: [IP_Flow 19-1687] The current project language is set to Verilog. However IP 'AddFloat' does not support 'Verilog Test Bench' output products, delivering 'VHDL Test Bench' output products instead.
INFO: [IP_Flow 19-1686] Generating 'Change Log' target for IP 'AddFloat'...
launch_simulation
INFO: [USF-XSim-27] Simulation object is 'sim_1'
INFO: [USF-XSim-37] Inspecting design source files for 'C1_tb' in fileset 'sim_1'...
INFO: [USF-XSim-97] Finding global include files...
INFO: [USF-XSim-98] Fetching design files from 'sim_1'...
INFO: [USF-XSim-2] XSim::Compile design
INFO: [USF-XSim-61] Executing 'COMPILE' step in '/home/yanai/project_1/project_1.sim/sim_1/behav'
xvlog -m64 --relax -prj C1_tb_vlog.prj
INFO: [VRFC 10-2263] Analyzing Verilog file "/home/yanai/JRThrash/result/addfloat.v" into library xil_defaultlib
INFO: [VRFC 10-311] analyzing module addfloat
INFO: [VRFC 10-2263] Analyzing Verilog file "/home/yanai/JRThrash/C1_tb.v" into library xil_defaultlib
INFO: [VRFC 10-311] analyzing module C1_tb
INFO: [VRFC 10-2263] Analyzing Verilog file "/home/yanai/project_1/project_1.sim/sim_1/behav/glbl.v" into library xil_defaultlib
INFO: [VRFC 10-311] analyzing module glbl
xvhdl -m64 --relax -prj C1_tb_vhdl.prj
INFO: [VRFC 10-163] Analyzing VHDL file "/home/yanai/project_1/project_1.srcs/sources_1/ip/AddFloat_1/xbip_utils_v3_0/hdl/xbip_utils_v3_0_vh_rfs.vhd" into library xbip_utils_v3_0
INFO: [VRFC 10-163] Analyzing VHDL file "/home/yanai/project_1/project_1.srcs/sources_1/ip/AddFloat_1/axi_utils_v2_0/hdl/axi_utils_v2_0_vh_rfs.vhd" into library axi_utils_v2_0
INFO: [VRFC 10-307] analyzing entity glb_srl_fifo
INFO: [VRFC 10-307] analyzing entity glb_ifx_slave
INFO: [VRFC 10-307] analyzing entity glb_ifx_master
INFO: [VRFC 10-307] analyzing entity axi_slave_2to1
INFO: [VRFC 10-307] analyzing entity axi_slave_3to1
INFO: [VRFC 10-307] analyzing entity axi_slave_4to1
INFO: [VRFC 10-163] Analyzing VHDL file "/home/yanai/project_1/project_1.srcs/sources_1/ip/AddFloat_1/xbip_pipe_v3_0/hdl/xbip_pipe_v3_0_vh_rfs.vhd" into library xbip_pipe_v3_0
INFO: [VRFC 10-307] analyzing entity xbip_pipe_v3_0_viv
INFO: [VRFC 10-163] Analyzing VHDL file "/home/yanai/project_1/project_1.srcs/sources_1/ip/AddFloat_1/xbip_pipe_v3_0/hdl/xbip_pipe_v3_0.vhd" into library xbip_pipe_v3_0
INFO: [VRFC 10-307] analyzing entity xbip_pipe_v3_0
INFO: [VRFC 10-163] Analyzing VHDL file "/home/yanai/project_1/project_1.srcs/sources_1/ip/AddFloat_1/xbip_dsp48_wrapper_v3_0/hdl/xbip_dsp48_wrapper_v3_0_vh_rfs.vhd" into library xbip_dsp48_wrapper_v3_0
INFO: [VRFC 10-307] analyzing entity xbip_dsp48a_wrapper_v3_0
INFO: [VRFC 10-307] analyzing entity xbip_dsp48a1_wrapper_v3_0
INFO: [VRFC 10-307] analyzing entity xbip_dsp48e_wrapper_v3_0
INFO: [VRFC 10-307] analyzing entity xbip_dsp48e1_wrapper_v3_0
INFO: [VRFC 10-307] analyzing entity xbip_dsp48e2_wrapper_v3_0
INFO: [VRFC 10-307] analyzing entity xbip_dsp48_wrapper_v3_0
INFO: [VRFC 10-163] Analyzing VHDL file "/home/yanai/project_1/project_1.srcs/sources_1/ip/AddFloat_1/xbip_dsp48_addsub_v3_0/hdl/xbip_dsp48_addsub_v3_0_vh_rfs.vhd" into library xbip_dsp48_addsub_v3_0
INFO: [VRFC 10-307] analyzing entity xbip_dsp48_addsub_rtl
INFO: [VRFC 10-307] analyzing entity xbip_dsp48_addsub_synth
INFO: [VRFC 10-307] analyzing entity xbip_dsp48_addsub_v3_0_viv
INFO: [VRFC 10-163] Analyzing VHDL file "/home/yanai/project_1/project_1.srcs/sources_1/ip/AddFloat_1/xbip_dsp48_addsub_v3_0/hdl/xbip_dsp48_addsub_v3_0.vhd" into library xbip_dsp48_addsub_v3_0
INFO: [VRFC 10-307] analyzing entity xbip_dsp48_addsub_v3_0
INFO: [VRFC 10-163] Analyzing VHDL file "/home/yanai/project_1/project_1.srcs/sources_1/ip/AddFloat_1/xbip_bram18k_v3_0/hdl/xbip_bram18k_v3_0_vh_rfs.vhd" into library xbip_bram18k_v3_0
INFO: [VRFC 10-307] analyzing entity xbip_bram18k_synth
INFO: [VRFC 10-307] analyzing entity xbip_bram18k_rtl
INFO: [VRFC 10-307] analyzing entity xbip_bram18k_v3_0_viv
INFO: [VRFC 10-163] Analyzing VHDL file "/home/yanai/project_1/project_1.srcs/sources_1/ip/AddFloat_1/xbip_bram18k_v3_0/hdl/xbip_bram18k_v3_0.vhd" into library xbip_bram18k_v3_0
INFO: [VRFC 10-307] analyzing entity xbip_bram18k_v3_0
INFO: [VRFC 10-163] Analyzing VHDL file "/home/yanai/project_1/project_1.srcs/sources_1/ip/AddFloat_1/mult_gen_v12_0/hdl/mult_gen_v12_0_vh_rfs.vhd" into library mult_gen_v12_0
INFO: [VRFC 10-307] analyzing entity op_resize
INFO: [VRFC 10-307] analyzing entity delay_line
INFO: [VRFC 10-307] analyzing entity cc_compare
INFO: [VRFC 10-307] analyzing entity luts
INFO: [VRFC 10-307] analyzing entity mult18
INFO: [VRFC 10-307] analyzing entity dsp
INFO: [VRFC 10-307] analyzing entity hybrid
INFO: [VRFC 10-307] analyzing entity ccm_dist_mem
INFO: [VRFC 10-307] analyzing entity ccm_sp_block_mem
INFO: [VRFC 10-307] analyzing entity ccm_dp_block_mem
INFO: [VRFC 10-307] analyzing entity ccm_syncmem
INFO: [VRFC 10-307] analyzing entity ccm_scaled_adder
INFO: [VRFC 10-307] analyzing entity ccm_operation
INFO: [VRFC 10-307] analyzing entity ccm
INFO: [VRFC 10-307] analyzing entity three_input_adder
INFO: [VRFC 10-307] analyzing entity multmxn_lut6
INFO: [VRFC 10-307] analyzing entity mult_gen_v12_0_viv
INFO: [VRFC 10-163] Analyzing VHDL file "/home/yanai/project_1/project_1.srcs/sources_1/ip/AddFloat_1/mult_gen_v12_0/hdl/mult_gen_v12_0.vhd" into library mult_gen_v12_0
INFO: [VRFC 10-307] analyzing entity mult_gen_v12_0
INFO: [VRFC 10-163] Analyzing VHDL file "/home/yanai/project_1/project_1.srcs/sources_1/ip/AddFloat_1/floating_point_v7_0/hdl/floating_point_v7_0_vh_rfs.vhd" into library floating_point_v7_0
INFO: [VRFC 10-307] analyzing entity fdgS
INFO: [VRFC 10-307] analyzing entity fdgW
INFO: [VRFC 10-307] analyzing entity lutV
INFO: [VRFC 10-307] analyzing entity lutS
INFO: [VRFC 10-307] analyzing entity lutN
INFO: [VRFC 10-307] analyzing entity lutNMuxS
INFO: [VRFC 10-307] analyzing entity srl16eS
INFO: [VRFC 10-307] analyzing entity delayS
INFO: [VRFC 10-307] analyzing entity andW
INFO: [VRFC 10-307] analyzing entity orW
INFO: [VRFC 10-307] analyzing entity srl16ew
INFO: [VRFC 10-307] analyzing entity delayW
INFO: [VRFC 10-307] analyzing entity compW
INFO: [VRFC 10-307] analyzing entity addSubW
INFO: [VRFC 10-307] analyzing entity equalW
INFO: [VRFC 10-307] analyzing entity addW
INFO: [VRFC 10-307] analyzing entity mult18
INFO: [VRFC 10-307] analyzing entity cntrlgen
INFO: [VRFC 10-307] analyzing entity cntrlgen2
INFO: [VRFC 10-307] analyzing entity ppGenR8
INFO: [VRFC 10-307] analyzing entity ppGenR8Msb2
INFO: [VRFC 10-307] analyzing entity addSubShGW
INFO: [VRFC 10-307] analyzing entity addSubShFW
INFO: [VRFC 10-307] analyzing entity vmRoundW
INFO: [VRFC 10-307] analyzing entity vmsMultCore
INFO: [VRFC 10-307] analyzing entity wideEmbedMult4
INFO: [VRFC 10-307] analyzing entity wideEmbedMult16
INFO: [VRFC 10-307] analyzing entity wideEmbedMult
INFO: [VRFC 10-307] analyzing entity dsp48MultALine
INFO: [VRFC 10-307] analyzing entity dsp48Mult
INFO: [VRFC 10-307] analyzing entity xMult
INFO: [VRFC 10-307] analyzing entity delay
INFO: [VRFC 10-307] analyzing entity delay_s
INFO: [VRFC 10-307] analyzing entity mux_bus2
INFO: [VRFC 10-307] analyzing entity twos_comp
INFO: [VRFC 10-307] analyzing entity carry_chain
INFO: [VRFC 10-307] analyzing entity mux4
INFO: [VRFC 10-307] analyzing entity compare_gt
INFO: [VRFC 10-307] analyzing entity compare_eq_im
INFO: [VRFC 10-307] analyzing entity compare_ne_im
INFO: [VRFC 10-307] analyzing entity compare_eq
INFO: [VRFC 10-307] analyzing entity compare
INFO: [VRFC 10-307] analyzing entity special_detect
INFO: [VRFC 10-307] analyzing entity norm_zero_det
INFO: [VRFC 10-307] analyzing entity zero_det_sel
INFO: [VRFC 10-307] analyzing entity shift_msb_first
INFO: [VRFC 10-307] analyzing entity flt_dec_op
INFO: [VRFC 10-307] analyzing entity flt_dec_op_lat
INFO: [VRFC 10-307] analyzing entity lead_zero_encode
INFO: [VRFC 10-307] analyzing entity lead_zero_encode_shift
INFO: [VRFC 10-307] analyzing entity dsp48e1_wrapper
INFO: [VRFC 10-307] analyzing entity dsp48e2_wrapper
INFO: [VRFC 10-307] analyzing entity addsub_logic
INFO: [VRFC 10-307] analyzing entity addsub_dsp
INFO: [VRFC 10-307] analyzing entity addsub
INFO: [VRFC 10-307] analyzing entity flt_round_bit
INFO: [VRFC 10-307] analyzing entity renorm_and_round_logic
INFO: [VRFC 10-307] analyzing entity norm_and_round_dsp48e1_sgl
INFO: [VRFC 10-307] analyzing entity norm_and_round_logic
INFO: [VRFC 10-307] analyzing entity alignment
INFO: [VRFC 10-307] analyzing entity normalize
INFO: [VRFC 10-307] analyzing entity align_add_dsp48e1_sgl
INFO: [VRFC 10-307] analyzing entity align_add
INFO: [VRFC 10-307] analyzing entity multadd
INFO: [VRFC 10-307] analyzing entity compare_ge
INFO: [VRFC 10-307] analyzing entity fix_to_flt_conv_exp
INFO: [VRFC 10-307] analyzing entity fix_to_flt_conv
INFO: [VRFC 10-307] analyzing entity flt_to_fix_conv
INFO: [VRFC 10-307] analyzing entity flt_to_flt_conv_exp
INFO: [VRFC 10-307] analyzing entity flt_to_flt_conv
INFO: [VRFC 10-307] analyzing entity fp_cmp
INFO: [VRFC 10-307] analyzing entity flt_sqrt_mant_addsub
INFO: [VRFC 10-307] analyzing entity flt_sqrt_mant
INFO: [VRFC 10-307] analyzing entity flt_sqrt_exp
INFO: [VRFC 10-307] analyzing entity flt_sqrt
INFO: [VRFC 10-307] analyzing entity flt_div_mant_addsub
INFO: [VRFC 10-307] analyzing entity flt_div_mant
INFO: [VRFC 10-307] analyzing entity flt_div_exp
INFO: [VRFC 10-307] analyzing entity flt_div
INFO: [VRFC 10-307] analyzing entity fix_mult_dsp48e1_lat_dbl
INFO: [VRFC 10-307] analyzing entity fix_mult_dsp48e1_sgl
INFO: [VRFC 10-307] analyzing entity fix_mult_dsp48e1_dbl
INFO: [VRFC 10-307] analyzing entity fix_mult_dsp48e2_dbl
INFO: [VRFC 10-307] analyzing entity fix_mult_qq
INFO: [VRFC 10-307] analyzing entity fix_mult_xx
INFO: [VRFC 10-307] analyzing entity fix_mult
INFO: [VRFC 10-307] analyzing entity flt_round_dsp_opt_full
INFO: [VRFC 10-307] analyzing entity flt_round_dsp_opt_part
INFO: [VRFC 10-307] analyzing entity flt_mult_round
INFO: [VRFC 10-307] analyzing entity flt_mult_exp
INFO: [VRFC 10-307] analyzing entity flt_mult
INFO: [VRFC 10-307] analyzing entity flt_add_exp
INFO: [VRFC 10-307] analyzing entity flt_add_logic
INFO: [VRFC 10-307] analyzing entity flt_add_dsp
INFO: [VRFC 10-307] analyzing entity flt_add_lat_align_add
INFO: [VRFC 10-307] analyzing entity flt_add_lat_norm
INFO: [VRFC 10-307] analyzing entity flt_add_lat_exp
INFO: [VRFC 10-307] analyzing entity flt_add_lat
INFO: [VRFC 10-307] analyzing entity flt_add
INFO: [VRFC 10-307] analyzing entity flt_recip_approx
INFO: [VRFC 10-307] analyzing entity flt_recip_nr
INFO: [VRFC 10-307] analyzing entity flt_recip_reduction_calc
INFO: [VRFC 10-307] analyzing entity flt_recip_eval
INFO: [VRFC 10-307] analyzing entity flt_recip_postprocess
INFO: [VRFC 10-307] analyzing entity flt_recip_specialcase
INFO: [VRFC 10-307] analyzing entity flt_recip_recomb
INFO: [VRFC 10-307] analyzing entity flt_recipsqrt_dp_m_calc
INFO: [VRFC 10-307] analyzing entity flt_recip
INFO: [VRFC 10-307] analyzing entity flt_log_addsub
INFO: [VRFC 10-307] analyzing entity flt_log_addsub_taylor_fabric
INFO: [VRFC 10-307] analyzing entity flt_log_addsub_taylor_combiner_fabric
INFO: [VRFC 10-307] analyzing entity flt_log_single_one_detect
INFO: [VRFC 10-307] analyzing entity flt_log_inproc
INFO: [VRFC 10-307] analyzing entity flt_log_exp
INFO: [VRFC 10-307] analyzing entity flt_log_L_block_memory
INFO: [VRFC 10-307] analyzing entity flt_pt_log_L_block
INFO: [VRFC 10-307] analyzing entity flt_log_rr_mul_iter
INFO: [VRFC 10-307] analyzing entity flt_log_rr_mul
INFO: [VRFC 10-307] analyzing entity flt_log_rr
INFO: [VRFC 10-307] analyzing entity flt_log_taylor
INFO: [VRFC 10-307] analyzing entity flt_log_shift_msb_first
INFO: [VRFC 10-307] analyzing entity flt_log_lead_zero_encode
INFO: [VRFC 10-307] analyzing entity flt_log_normalize
INFO: [VRFC 10-307] analyzing entity flt_log_norm
INFO: [VRFC 10-307] analyzing entity flt_log_rnd
INFO: [VRFC 10-307] analyzing entity flt_log_specialcase
INFO: [VRFC 10-307] analyzing entity flt_log_recomb
INFO: [VRFC 10-307] analyzing entity flt_log
INFO: [VRFC 10-307] analyzing entity flt_exp_specialcase
INFO: [VRFC 10-307] analyzing entity flt_exp_recomb
INFO: [VRFC 10-307] analyzing entity flt_exp_ccm
INFO: [VRFC 10-307] analyzing entity flt_exp_e2A
INFO: [VRFC 10-307] analyzing entity flt_exp_dp_poly
INFO: [VRFC 10-307] analyzing entity flt_exp_e2zmzm1
INFO: [VRFC 10-307] analyzing entity flt_exp
INFO: [VRFC 10-307] analyzing entity flt_fma_specialcase
INFO: [VRFC 10-307] analyzing entity flt_fma_round_bit
INFO: [VRFC 10-307] analyzing entity flt_fma_renorm_and_round_logic
INFO: [VRFC 10-307] analyzing entity flt_fma_special_detect
INFO: [VRFC 10-307] analyzing entity flt_fma_add_exp
INFO: [VRFC 10-307] analyzing entity flt_fma_alignment
INFO: [VRFC 10-307] analyzing entity flt_fma_addsub_dsp1
INFO: [VRFC 10-307] analyzing entity flt_fma_addsub_dsp2
INFO: [VRFC 10-307] analyzing entity flt_fma_addsub
INFO: [VRFC 10-307] analyzing entity flt_fma_align_add
INFO: [VRFC 10-307] analyzing entity flt_fma_norm_logic
INFO: [VRFC 10-307] analyzing entity flt_fma_add_logic
INFO: [VRFC 10-307] analyzing entity flt_fma_add
INFO: [VRFC 10-307] analyzing entity flt_fma_mul
INFO: [VRFC 10-307] analyzing entity flt_fma
INFO: [VRFC 10-307] analyzing entity flt_accum_flt_to_fix
INFO: [VRFC 10-307] analyzing entity flt_accum_bit_encode
INFO: [VRFC 10-307] analyzing entity flt_accum
INFO: [VRFC 10-307] analyzing entity floating_point_v7_0_viv
INFO: [VRFC 10-307] analyzing entity floating_point_v7_0
INFO: [VRFC 10-163] Analyzing VHDL file "/home/yanai/project_1/project_1.srcs/sources_1/ip/AddFloat_1/sim/AddFloat.vhd" into library xil_defaultlib
INFO: [VRFC 10-307] analyzing entity AddFloat
INFO: [USF-XSim-3] XSim::Elaborate design
INFO: [USF-XSim-61] Executing 'ELABORATE' step in '/home/yanai/project_1/project_1.sim/sim_1/behav'
Vivado Simulator 2015.1
Copyright 1986-1999, 2001-2015 Xilinx, Inc. All Rights Reserved.
Running: /opt/Xilin/Vivado/2015.1/bin/unwrapped/lnx64.o/xelab -wto 576a36866e514f4ab9b840ee7f03a5ab --debug typical --relax --mt 8 -L xbip_utils_v3_0 -L axi_utils_v2_0 -L xbip_pipe_v3_0 -L xbip_dsp48_wrapper_v3_0 -L xbip_dsp48_addsub_v3_0 -L xbip_bram18k_v3_0 -L mult_gen_v12_0 -L floating_point_v7_0 -L xil_defaultlib -L unisims_ver -L unimacro_ver -L secureip --snapshot C1_tb_behav xil_defaultlib.C1_tb xil_defaultlib.glbl -log elaborate.log 
Using 8 slave threads.
Starting static elaboration
ERROR: [VRFC 10-383] binding vhdl entity addfloat_default does not have port aclken [/home/yanai/JRThrash/result/addfloat.v:68]
ERROR: [XSIM 43-3322] Static elaboration of top level Verilog design unit(s) in library work failed.
INFO: [USF-XSim-99] Step results log file:'/home/yanai/project_1/project_1.sim/sim_1/behav/elaborate.log'
ERROR: [USF-XSim-62] 'elaborate' step failed with error(s). Please check the Tcl console output or '/home/yanai/project_1/project_1.sim/sim_1/behav/elaborate.log' file for more information.
launch_simulation: Time (s): cpu = 00:00:06 ; elapsed = 00:00:05 . Memory (MB): peak = 5807.344 ; gain = 0.000 ; free physical = 4668 ; free virtual = 14414
set_property -dict [list CONFIG.Has_ACLKEN {true}] [get_ips AddFloat]
generate_target all [get_files  /home/yanai/project_1/project_1.srcs/sources_1/ip/AddFloat_1/AddFloat.xci]
INFO: [IP_Flow 19-1686] Generating 'Instantiation Template' target for IP 'AddFloat'...
INFO: [IP_Flow 19-1686] Generating 'Synthesis' target for IP 'AddFloat'...
WARNING: [IP_Flow 19-1687] The current project language is set to Verilog. However IP 'AddFloat' does not support 'Verilog Synthesis' output products, delivering 'VHDL Synthesis' output products instead.
INFO: [IP_Flow 19-1686] Generating 'Simulation' target for IP 'AddFloat'...
WARNING: [IP_Flow 19-1687] The current project language is set to Verilog. However IP 'AddFloat' does not support 'Verilog Simulation' output products, delivering 'VHDL Simulation' output products instead.
INFO: [IP_Flow 19-1686] Generating 'C Simulation' target for IP 'AddFloat'...
INFO: [IP_Flow 19-1686] Generating 'Test Bench' target for IP 'AddFloat'...
WARNING: [IP_Flow 19-1687] The current project language is set to Verilog. However IP 'AddFloat' does not support 'Verilog Test Bench' output products, delivering 'VHDL Test Bench' output products instead.
INFO: [IP_Flow 19-1686] Generating 'Change Log' target for IP 'AddFloat'...
launch_simulation
INFO: [USF-XSim-27] Simulation object is 'sim_1'
INFO: [USF-XSim-37] Inspecting design source files for 'C1_tb' in fileset 'sim_1'...
INFO: [USF-XSim-97] Finding global include files...
INFO: [USF-XSim-98] Fetching design files from 'sim_1'...
INFO: [USF-XSim-2] XSim::Compile design
INFO: [USF-XSim-61] Executing 'COMPILE' step in '/home/yanai/project_1/project_1.sim/sim_1/behav'
xvlog -m64 --relax -prj C1_tb_vlog.prj
INFO: [VRFC 10-2263] Analyzing Verilog file "/home/yanai/JRThrash/result/addfloat.v" into library xil_defaultlib
INFO: [VRFC 10-311] analyzing module addfloat
INFO: [VRFC 10-2263] Analyzing Verilog file "/home/yanai/JRThrash/C1_tb.v" into library xil_defaultlib
INFO: [VRFC 10-311] analyzing module C1_tb
INFO: [VRFC 10-2263] Analyzing Verilog file "/home/yanai/project_1/project_1.sim/sim_1/behav/glbl.v" into library xil_defaultlib
INFO: [VRFC 10-311] analyzing module glbl
xvhdl -m64 --relax -prj C1_tb_vhdl.prj
INFO: [VRFC 10-163] Analyzing VHDL file "/home/yanai/project_1/project_1.srcs/sources_1/ip/AddFloat_1/xbip_utils_v3_0/hdl/xbip_utils_v3_0_vh_rfs.vhd" into library xbip_utils_v3_0
INFO: [VRFC 10-163] Analyzing VHDL file "/home/yanai/project_1/project_1.srcs/sources_1/ip/AddFloat_1/axi_utils_v2_0/hdl/axi_utils_v2_0_vh_rfs.vhd" into library axi_utils_v2_0
INFO: [VRFC 10-307] analyzing entity glb_srl_fifo
INFO: [VRFC 10-307] analyzing entity glb_ifx_slave
INFO: [VRFC 10-307] analyzing entity glb_ifx_master
INFO: [VRFC 10-307] analyzing entity axi_slave_2to1
INFO: [VRFC 10-307] analyzing entity axi_slave_3to1
INFO: [VRFC 10-307] analyzing entity axi_slave_4to1
INFO: [VRFC 10-163] Analyzing VHDL file "/home/yanai/project_1/project_1.srcs/sources_1/ip/AddFloat_1/xbip_pipe_v3_0/hdl/xbip_pipe_v3_0_vh_rfs.vhd" into library xbip_pipe_v3_0
INFO: [VRFC 10-307] analyzing entity xbip_pipe_v3_0_viv
INFO: [VRFC 10-163] Analyzing VHDL file "/home/yanai/project_1/project_1.srcs/sources_1/ip/AddFloat_1/xbip_pipe_v3_0/hdl/xbip_pipe_v3_0.vhd" into library xbip_pipe_v3_0
INFO: [VRFC 10-307] analyzing entity xbip_pipe_v3_0
INFO: [VRFC 10-163] Analyzing VHDL file "/home/yanai/project_1/project_1.srcs/sources_1/ip/AddFloat_1/xbip_dsp48_wrapper_v3_0/hdl/xbip_dsp48_wrapper_v3_0_vh_rfs.vhd" into library xbip_dsp48_wrapper_v3_0
INFO: [VRFC 10-307] analyzing entity xbip_dsp48a_wrapper_v3_0
INFO: [VRFC 10-307] analyzing entity xbip_dsp48a1_wrapper_v3_0
INFO: [VRFC 10-307] analyzing entity xbip_dsp48e_wrapper_v3_0
INFO: [VRFC 10-307] analyzing entity xbip_dsp48e1_wrapper_v3_0
INFO: [VRFC 10-307] analyzing entity xbip_dsp48e2_wrapper_v3_0
INFO: [VRFC 10-307] analyzing entity xbip_dsp48_wrapper_v3_0
INFO: [VRFC 10-163] Analyzing VHDL file "/home/yanai/project_1/project_1.srcs/sources_1/ip/AddFloat_1/xbip_dsp48_addsub_v3_0/hdl/xbip_dsp48_addsub_v3_0_vh_rfs.vhd" into library xbip_dsp48_addsub_v3_0
INFO: [VRFC 10-307] analyzing entity xbip_dsp48_addsub_rtl
INFO: [VRFC 10-307] analyzing entity xbip_dsp48_addsub_synth
INFO: [VRFC 10-307] analyzing entity xbip_dsp48_addsub_v3_0_viv
INFO: [VRFC 10-163] Analyzing VHDL file "/home/yanai/project_1/project_1.srcs/sources_1/ip/AddFloat_1/xbip_dsp48_addsub_v3_0/hdl/xbip_dsp48_addsub_v3_0.vhd" into library xbip_dsp48_addsub_v3_0
INFO: [VRFC 10-307] analyzing entity xbip_dsp48_addsub_v3_0
INFO: [VRFC 10-163] Analyzing VHDL file "/home/yanai/project_1/project_1.srcs/sources_1/ip/AddFloat_1/xbip_bram18k_v3_0/hdl/xbip_bram18k_v3_0_vh_rfs.vhd" into library xbip_bram18k_v3_0
INFO: [VRFC 10-307] analyzing entity xbip_bram18k_synth
INFO: [VRFC 10-307] analyzing entity xbip_bram18k_rtl
INFO: [VRFC 10-307] analyzing entity xbip_bram18k_v3_0_viv
INFO: [VRFC 10-163] Analyzing VHDL file "/home/yanai/project_1/project_1.srcs/sources_1/ip/AddFloat_1/xbip_bram18k_v3_0/hdl/xbip_bram18k_v3_0.vhd" into library xbip_bram18k_v3_0
INFO: [VRFC 10-307] analyzing entity xbip_bram18k_v3_0
INFO: [VRFC 10-163] Analyzing VHDL file "/home/yanai/project_1/project_1.srcs/sources_1/ip/AddFloat_1/mult_gen_v12_0/hdl/mult_gen_v12_0_vh_rfs.vhd" into library mult_gen_v12_0
INFO: [VRFC 10-307] analyzing entity op_resize
INFO: [VRFC 10-307] analyzing entity delay_line
INFO: [VRFC 10-307] analyzing entity cc_compare
INFO: [VRFC 10-307] analyzing entity luts
INFO: [VRFC 10-307] analyzing entity mult18
INFO: [VRFC 10-307] analyzing entity dsp
INFO: [VRFC 10-307] analyzing entity hybrid
INFO: [VRFC 10-307] analyzing entity ccm_dist_mem
INFO: [VRFC 10-307] analyzing entity ccm_sp_block_mem
INFO: [VRFC 10-307] analyzing entity ccm_dp_block_mem
INFO: [VRFC 10-307] analyzing entity ccm_syncmem
INFO: [VRFC 10-307] analyzing entity ccm_scaled_adder
INFO: [VRFC 10-307] analyzing entity ccm_operation
INFO: [VRFC 10-307] analyzing entity ccm
INFO: [VRFC 10-307] analyzing entity three_input_adder
INFO: [VRFC 10-307] analyzing entity multmxn_lut6
INFO: [VRFC 10-307] analyzing entity mult_gen_v12_0_viv
INFO: [VRFC 10-163] Analyzing VHDL file "/home/yanai/project_1/project_1.srcs/sources_1/ip/AddFloat_1/mult_gen_v12_0/hdl/mult_gen_v12_0.vhd" into library mult_gen_v12_0
INFO: [VRFC 10-307] analyzing entity mult_gen_v12_0
INFO: [VRFC 10-163] Analyzing VHDL file "/home/yanai/project_1/project_1.srcs/sources_1/ip/AddFloat_1/floating_point_v7_0/hdl/floating_point_v7_0_vh_rfs.vhd" into library floating_point_v7_0
INFO: [VRFC 10-307] analyzing entity fdgS
INFO: [VRFC 10-307] analyzing entity fdgW
INFO: [VRFC 10-307] analyzing entity lutV
INFO: [VRFC 10-307] analyzing entity lutS
INFO: [VRFC 10-307] analyzing entity lutN
INFO: [VRFC 10-307] analyzing entity lutNMuxS
INFO: [VRFC 10-307] analyzing entity srl16eS
INFO: [VRFC 10-307] analyzing entity delayS
INFO: [VRFC 10-307] analyzing entity andW
INFO: [VRFC 10-307] analyzing entity orW
INFO: [VRFC 10-307] analyzing entity srl16ew
INFO: [VRFC 10-307] analyzing entity delayW
INFO: [VRFC 10-307] analyzing entity compW
INFO: [VRFC 10-307] analyzing entity addSubW
INFO: [VRFC 10-307] analyzing entity equalW
INFO: [VRFC 10-307] analyzing entity addW
INFO: [VRFC 10-307] analyzing entity mult18
INFO: [VRFC 10-307] analyzing entity cntrlgen
INFO: [VRFC 10-307] analyzing entity cntrlgen2
INFO: [VRFC 10-307] analyzing entity ppGenR8
INFO: [VRFC 10-307] analyzing entity ppGenR8Msb2
INFO: [VRFC 10-307] analyzing entity addSubShGW
INFO: [VRFC 10-307] analyzing entity addSubShFW
INFO: [VRFC 10-307] analyzing entity vmRoundW
INFO: [VRFC 10-307] analyzing entity vmsMultCore
INFO: [VRFC 10-307] analyzing entity wideEmbedMult4
INFO: [VRFC 10-307] analyzing entity wideEmbedMult16
INFO: [VRFC 10-307] analyzing entity wideEmbedMult
INFO: [VRFC 10-307] analyzing entity dsp48MultALine
INFO: [VRFC 10-307] analyzing entity dsp48Mult
INFO: [VRFC 10-307] analyzing entity xMult
INFO: [VRFC 10-307] analyzing entity delay
INFO: [VRFC 10-307] analyzing entity delay_s
INFO: [VRFC 10-307] analyzing entity mux_bus2
INFO: [VRFC 10-307] analyzing entity twos_comp
INFO: [VRFC 10-307] analyzing entity carry_chain
INFO: [VRFC 10-307] analyzing entity mux4
INFO: [VRFC 10-307] analyzing entity compare_gt
INFO: [VRFC 10-307] analyzing entity compare_eq_im
INFO: [VRFC 10-307] analyzing entity compare_ne_im
INFO: [VRFC 10-307] analyzing entity compare_eq
INFO: [VRFC 10-307] analyzing entity compare
INFO: [VRFC 10-307] analyzing entity special_detect
INFO: [VRFC 10-307] analyzing entity norm_zero_det
INFO: [VRFC 10-307] analyzing entity zero_det_sel
INFO: [VRFC 10-307] analyzing entity shift_msb_first
INFO: [VRFC 10-307] analyzing entity flt_dec_op
INFO: [VRFC 10-307] analyzing entity flt_dec_op_lat
INFO: [VRFC 10-307] analyzing entity lead_zero_encode
INFO: [VRFC 10-307] analyzing entity lead_zero_encode_shift
INFO: [VRFC 10-307] analyzing entity dsp48e1_wrapper
INFO: [VRFC 10-307] analyzing entity dsp48e2_wrapper
INFO: [VRFC 10-307] analyzing entity addsub_logic
INFO: [VRFC 10-307] analyzing entity addsub_dsp
INFO: [VRFC 10-307] analyzing entity addsub
INFO: [VRFC 10-307] analyzing entity flt_round_bit
INFO: [VRFC 10-307] analyzing entity renorm_and_round_logic
INFO: [VRFC 10-307] analyzing entity norm_and_round_dsp48e1_sgl
INFO: [VRFC 10-307] analyzing entity norm_and_round_logic
INFO: [VRFC 10-307] analyzing entity alignment
INFO: [VRFC 10-307] analyzing entity normalize
INFO: [VRFC 10-307] analyzing entity align_add_dsp48e1_sgl
INFO: [VRFC 10-307] analyzing entity align_add
INFO: [VRFC 10-307] analyzing entity multadd
INFO: [VRFC 10-307] analyzing entity compare_ge
INFO: [VRFC 10-307] analyzing entity fix_to_flt_conv_exp
INFO: [VRFC 10-307] analyzing entity fix_to_flt_conv
INFO: [VRFC 10-307] analyzing entity flt_to_fix_conv
INFO: [VRFC 10-307] analyzing entity flt_to_flt_conv_exp
INFO: [VRFC 10-307] analyzing entity flt_to_flt_conv
INFO: [VRFC 10-307] analyzing entity fp_cmp
INFO: [VRFC 10-307] analyzing entity flt_sqrt_mant_addsub
INFO: [VRFC 10-307] analyzing entity flt_sqrt_mant
INFO: [VRFC 10-307] analyzing entity flt_sqrt_exp
INFO: [VRFC 10-307] analyzing entity flt_sqrt
INFO: [VRFC 10-307] analyzing entity flt_div_mant_addsub
INFO: [VRFC 10-307] analyzing entity flt_div_mant
INFO: [VRFC 10-307] analyzing entity flt_div_exp
INFO: [VRFC 10-307] analyzing entity flt_div
INFO: [VRFC 10-307] analyzing entity fix_mult_dsp48e1_lat_dbl
INFO: [VRFC 10-307] analyzing entity fix_mult_dsp48e1_sgl
INFO: [VRFC 10-307] analyzing entity fix_mult_dsp48e1_dbl
INFO: [VRFC 10-307] analyzing entity fix_mult_dsp48e2_dbl
INFO: [VRFC 10-307] analyzing entity fix_mult_qq
INFO: [VRFC 10-307] analyzing entity fix_mult_xx
INFO: [VRFC 10-307] analyzing entity fix_mult
INFO: [VRFC 10-307] analyzing entity flt_round_dsp_opt_full
INFO: [VRFC 10-307] analyzing entity flt_round_dsp_opt_part
INFO: [VRFC 10-307] analyzing entity flt_mult_round
INFO: [VRFC 10-307] analyzing entity flt_mult_exp
INFO: [VRFC 10-307] analyzing entity flt_mult
INFO: [VRFC 10-307] analyzing entity flt_add_exp
INFO: [VRFC 10-307] analyzing entity flt_add_logic
INFO: [VRFC 10-307] analyzing entity flt_add_dsp
INFO: [VRFC 10-307] analyzing entity flt_add_lat_align_add
INFO: [VRFC 10-307] analyzing entity flt_add_lat_norm
INFO: [VRFC 10-307] analyzing entity flt_add_lat_exp
INFO: [VRFC 10-307] analyzing entity flt_add_lat
INFO: [VRFC 10-307] analyzing entity flt_add
INFO: [VRFC 10-307] analyzing entity flt_recip_approx
INFO: [VRFC 10-307] analyzing entity flt_recip_nr
INFO: [VRFC 10-307] analyzing entity flt_recip_reduction_calc
INFO: [VRFC 10-307] analyzing entity flt_recip_eval
INFO: [VRFC 10-307] analyzing entity flt_recip_postprocess
INFO: [VRFC 10-307] analyzing entity flt_recip_specialcase
INFO: [VRFC 10-307] analyzing entity flt_recip_recomb
INFO: [VRFC 10-307] analyzing entity flt_recipsqrt_dp_m_calc
INFO: [VRFC 10-307] analyzing entity flt_recip
INFO: [VRFC 10-307] analyzing entity flt_log_addsub
INFO: [VRFC 10-307] analyzing entity flt_log_addsub_taylor_fabric
INFO: [VRFC 10-307] analyzing entity flt_log_addsub_taylor_combiner_fabric
INFO: [VRFC 10-307] analyzing entity flt_log_single_one_detect
INFO: [VRFC 10-307] analyzing entity flt_log_inproc
INFO: [VRFC 10-307] analyzing entity flt_log_exp
INFO: [VRFC 10-307] analyzing entity flt_log_L_block_memory
INFO: [VRFC 10-307] analyzing entity flt_pt_log_L_block
INFO: [VRFC 10-307] analyzing entity flt_log_rr_mul_iter
INFO: [VRFC 10-307] analyzing entity flt_log_rr_mul
INFO: [VRFC 10-307] analyzing entity flt_log_rr
INFO: [VRFC 10-307] analyzing entity flt_log_taylor
INFO: [VRFC 10-307] analyzing entity flt_log_shift_msb_first
INFO: [VRFC 10-307] analyzing entity flt_log_lead_zero_encode
INFO: [VRFC 10-307] analyzing entity flt_log_normalize
INFO: [VRFC 10-307] analyzing entity flt_log_norm
INFO: [VRFC 10-307] analyzing entity flt_log_rnd
INFO: [VRFC 10-307] analyzing entity flt_log_specialcase
INFO: [VRFC 10-307] analyzing entity flt_log_recomb
INFO: [VRFC 10-307] analyzing entity flt_log
INFO: [VRFC 10-307] analyzing entity flt_exp_specialcase
INFO: [VRFC 10-307] analyzing entity flt_exp_recomb
INFO: [VRFC 10-307] analyzing entity flt_exp_ccm
INFO: [VRFC 10-307] analyzing entity flt_exp_e2A
INFO: [VRFC 10-307] analyzing entity flt_exp_dp_poly
INFO: [VRFC 10-307] analyzing entity flt_exp_e2zmzm1
INFO: [VRFC 10-307] analyzing entity flt_exp
INFO: [VRFC 10-307] analyzing entity flt_fma_specialcase
INFO: [VRFC 10-307] analyzing entity flt_fma_round_bit
INFO: [VRFC 10-307] analyzing entity flt_fma_renorm_and_round_logic
INFO: [VRFC 10-307] analyzing entity flt_fma_special_detect
INFO: [VRFC 10-307] analyzing entity flt_fma_add_exp
INFO: [VRFC 10-307] analyzing entity flt_fma_alignment
INFO: [VRFC 10-307] analyzing entity flt_fma_addsub_dsp1
INFO: [VRFC 10-307] analyzing entity flt_fma_addsub_dsp2
INFO: [VRFC 10-307] analyzing entity flt_fma_addsub
INFO: [VRFC 10-307] analyzing entity flt_fma_align_add
INFO: [VRFC 10-307] analyzing entity flt_fma_norm_logic
INFO: [VRFC 10-307] analyzing entity flt_fma_add_logic
INFO: [VRFC 10-307] analyzing entity flt_fma_add
INFO: [VRFC 10-307] analyzing entity flt_fma_mul
INFO: [VRFC 10-307] analyzing entity flt_fma
INFO: [VRFC 10-307] analyzing entity flt_accum_flt_to_fix
INFO: [VRFC 10-307] analyzing entity flt_accum_bit_encode
INFO: [VRFC 10-307] analyzing entity flt_accum
INFO: [VRFC 10-307] analyzing entity floating_point_v7_0_viv
INFO: [VRFC 10-307] analyzing entity floating_point_v7_0
INFO: [VRFC 10-163] Analyzing VHDL file "/home/yanai/project_1/project_1.srcs/sources_1/ip/AddFloat_1/sim/AddFloat.vhd" into library xil_defaultlib
INFO: [VRFC 10-307] analyzing entity AddFloat
INFO: [USF-XSim-3] XSim::Elaborate design
INFO: [USF-XSim-61] Executing 'ELABORATE' step in '/home/yanai/project_1/project_1.sim/sim_1/behav'
Vivado Simulator 2015.1
Copyright 1986-1999, 2001-2015 Xilinx, Inc. All Rights Reserved.
Running: /opt/Xilin/Vivado/2015.1/bin/unwrapped/lnx64.o/xelab -wto 576a36866e514f4ab9b840ee7f03a5ab --debug typical --relax --mt 8 -L xbip_utils_v3_0 -L axi_utils_v2_0 -L xbip_pipe_v3_0 -L xbip_dsp48_wrapper_v3_0 -L xbip_dsp48_addsub_v3_0 -L xbip_bram18k_v3_0 -L mult_gen_v12_0 -L floating_point_v7_0 -L xil_defaultlib -L unisims_ver -L unimacro_ver -L secureip --snapshot C1_tb_behav xil_defaultlib.C1_tb xil_defaultlib.glbl -log elaborate.log 
Using 8 slave threads.
Starting static elaboration
Completed static elaboration
Starting simulation data flow analysis
WARNING: [XSIM 43-4099] "/home/yanai/JRThrash/result/addfloat.v" Line 6. Module addfloat doesn't have a timescale but at least one module in design has a timescale.
WARNING: [XSIM 43-4099] "/home/yanai/JRThrash/result/addfloat.v" Line 6. Module addfloat doesn't have a timescale but at least one module in design has a timescale.
Completed simulation data flow analysis
Time Resolution for simulation is 1ps
Compiling package std.standard
Compiling package ieee.std_logic_1164
Compiling package ieee.numeric_std
Compiling package floating_point_v7_0.floating_point_v7_0_viv_comp
Compiling package std.textio
Compiling package xbip_utils_v3_0.xbip_utils_v3_0_pkg
Compiling package axi_utils_v2_0.axi_utils_v2_0_pkg
Compiling package floating_point_v7_0.floating_point_v7_0_consts
Compiling package ieee.math_real
Compiling package floating_point_v7_0.floating_point_v7_0_exp_table_pk...
Compiling package mult_gen_v12_0.mult_gen_v12_0_pkg
Compiling package ieee.std_logic_arith
Compiling package ieee.std_logic_signed
Compiling package floating_point_v7_0.floating_point_v7_0_pkg
Compiling package floating_point_v7_0.flt_utils
Compiling package xbip_pipe_v3_0.xbip_pipe_v3_0_viv_comp
Compiling package unisim.vcomponents
Compiling package ieee.vital_timing
Compiling package ieee.vital_primitives
Compiling package unisim.vpkg
Compiling architecture xilinx of entity axi_utils_v2_0.axi_slave_2to1 [\axi_slave_2to1(32,false,1,false...]
Compiling architecture muxcy_v of entity unisim.MUXCY [muxcy_default]
Compiling architecture synth of entity xbip_pipe_v3_0.xbip_pipe_v3_0_viv [\xbip_pipe_v3_0_viv(0,1,0,0,0,0,...]
Compiling architecture rtl of entity floating_point_v7_0.delay [\delay(7,0,false,false)\]
Compiling architecture struct of entity floating_point_v7_0.carry_chain [\carry_chain("artix7",7,0,0,fals...]
Compiling architecture synth of entity floating_point_v7_0.compare_eq_im [\compare_eq_im("artix7",14,other...]
Compiling architecture xorcy_v of entity unisim.XORCY [xorcy_default]
Compiling architecture struct of entity floating_point_v7_0.carry_chain [\carry_chain("artix7",1,0,0,fals...]
Compiling architecture synth of entity xbip_pipe_v3_0.xbip_pipe_v3_0_viv [\xbip_pipe_v3_0_viv(0,1,0,0,0,0,...]
Compiling architecture rtl of entity floating_point_v7_0.delay [\delay(1,0,false,false)\]
Compiling architecture synth of entity xbip_pipe_v3_0.xbip_pipe_v3_0_viv [\xbip_pipe_v3_0_viv(0,1,0,0,0,0,...]
Compiling architecture rtl of entity floating_point_v7_0.delay [\delay(24,0,false,true)\]
Compiling architecture synth of entity xbip_pipe_v3_0.xbip_pipe_v3_0_viv [\xbip_pipe_v3_0_viv(0,1,0,0,0,0,...]
Compiling architecture rtl of entity floating_point_v7_0.delay [\delay(16,0,false,false)\]
Compiling architecture synth of entity xbip_pipe_v3_0.xbip_pipe_v3_0_viv [\xbip_pipe_v3_0_viv(0,1,0,0,0,0,...]
Compiling architecture rtl of entity floating_point_v7_0.delay [\delay(4,0,false,false)\]
Compiling architecture synth of entity xbip_pipe_v3_0.xbip_pipe_v3_0_viv [\xbip_pipe_v3_0_viv(0,1,0,0,0,0,...]
Compiling architecture rtl of entity floating_point_v7_0.delay [\delay(48,0,false,false)\]
Compiling architecture synth of entity xbip_pipe_v3_0.xbip_pipe_v3_0_viv [\xbip_pipe_v3_0_viv(0,1,0,0,0,0,...]
Compiling architecture rtl of entity floating_point_v7_0.delay [\delay(24,0,false,false)\]
Compiling architecture synth of entity xbip_pipe_v3_0.xbip_pipe_v3_0_viv [\xbip_pipe_v3_0_viv(0,1,0,0,0,0,...]
Compiling architecture rtl of entity floating_point_v7_0.delay [\delay(25,0,false,false)\]
Compiling architecture dsp48e1_v of entity unisim.DSP48E1 [\DSP48E1(0,0,0,0,"NO_RESET","DIR...]
Compiling architecture rtl of entity floating_point_v7_0.dsp48e1_wrapper [\dsp48e1_wrapper(24,16,48,25,40,...]
Compiling architecture synth of entity xbip_pipe_v3_0.xbip_pipe_v3_0_viv [\xbip_pipe_v3_0_viv(1,1,0,0,0,0,...]
Compiling architecture rtl of entity floating_point_v7_0.delay [\delay(1,1,false,false)\]
Compiling architecture synth of entity xbip_pipe_v3_0.xbip_pipe_v3_0_viv [\xbip_pipe_v3_0_viv(0,1,0,0,0,0,...]
Compiling architecture rtl of entity floating_point_v7_0.delay [\delay(13,0,false,false)\]
Compiling architecture synth of entity xbip_pipe_v3_0.xbip_pipe_v3_0_viv [\xbip_pipe_v3_0_viv(0,1,0,0,0,0,...]
Compiling architecture rtl of entity floating_point_v7_0.delay [\delay(27,0,false,false)\]
Compiling architecture synth of entity floating_point_v7_0.align_add_dsp48e1_sgl [\align_add_dsp48e1_sgl("artix7",...]
Compiling architecture lut5_v of entity unisim.LUT5 [\LUT5("0000000000000000111111110...]
Compiling architecture lut5_v of entity unisim.LUT5 [\LUT5("0000000000000000000000001...]
Compiling architecture synth of entity xbip_pipe_v3_0.xbip_pipe_v3_0_viv [\xbip_pipe_v3_0_viv(0,1,0,0,0,0,...]
Compiling architecture rtl of entity floating_point_v7_0.delay [\delay(5,0,false,false)\]
Compiling architecture rtl of entity floating_point_v7_0.lead_zero_encode_shift [\lead_zero_encode_shift(24,8,(fa...]
Compiling architecture synth of entity xbip_pipe_v3_0.xbip_pipe_v3_0_viv [\xbip_pipe_v3_0_viv(0,1,0,0,0,0,...]
Compiling architecture rtl of entity floating_point_v7_0.delay [\delay(1,0,false,true)\]
Compiling architecture synth of entity xbip_pipe_v3_0.xbip_pipe_v3_0_viv [\xbip_pipe_v3_0_viv(1,1,0,0,0,0,...]
Compiling architecture rtl of entity floating_point_v7_0.delay [\delay(2,1,false,false)\]
Compiling architecture dsp48e1_v of entity unisim.DSP48E1 [\DSP48E1(1,0,0,1,"NO_RESET","DIR...]
Compiling architecture rtl of entity floating_point_v7_0.dsp48e1_wrapper [\dsp48e1_wrapper(24,16,48,25,35,...]
Compiling architecture rtl of entity floating_point_v7_0.norm_and_round_dsp48e1_sgl [\norm_and_round_dsp48e1_sgl(24,8...]
Compiling architecture synth of entity xbip_pipe_v3_0.xbip_pipe_v3_0_viv [\xbip_pipe_v3_0_viv(1,1,0,0,0,0,...]
Compiling architecture rtl of entity floating_point_v7_0.delay [\delay(23,1,false,false)\]
Compiling architecture synth of entity xbip_pipe_v3_0.xbip_pipe_v3_0_viv [\xbip_pipe_v3_0_viv(0,1,0,0,0,0,...]
Compiling architecture rtl of entity floating_point_v7_0.delay [\delay(9,0,false,false)\]
Compiling architecture struct of entity floating_point_v7_0.carry_chain [\carry_chain("artix7",9,0,0,fals...]
Compiling architecture synth of entity xbip_pipe_v3_0.xbip_pipe_v3_0_viv [\xbip_pipe_v3_0_viv(0,1,0,0,0,0,...]
Compiling architecture rtl of entity floating_point_v7_0.delay [\delay(9,0,false,true)\]
Compiling architecture synth of entity xbip_pipe_v3_0.xbip_pipe_v3_0_viv [\xbip_pipe_v3_0_viv(1,1,0,0,0,0,...]
Compiling architecture rtl of entity floating_point_v7_0.delay [\delay(10,1,false,false)\]
Compiling architecture synth of entity xbip_pipe_v3_0.xbip_pipe_v3_0_viv [\xbip_pipe_v3_0_viv(0,1,0,0,0,0,...]
Compiling architecture rtl of entity floating_point_v7_0.delay [\delay(4,0,false,true)\]
Compiling architecture synth of entity xbip_pipe_v3_0.xbip_pipe_v3_0_viv [\xbip_pipe_v3_0_viv(0,1,0,0,0,0,...]
Compiling architecture rtl of entity floating_point_v7_0.delay [\delay(8,0,false,false)\]
Compiling architecture fdre_v of entity unisim.FDRE [\FDRE('0','0','0','0')\]
Compiling architecture fde_v of entity unisim.FDE [\FDE('0')\]
Compiling architecture struct of entity floating_point_v7_0.carry_chain [\carry_chain("artix7",4,0,1,fals...]
Compiling architecture synth of entity floating_point_v7_0.compare_eq_im [\compare_eq_im("artix7",23,other...]
Compiling architecture synth of entity xbip_pipe_v3_0.xbip_pipe_v3_0_viv [\xbip_pipe_v3_0_viv(1,1,0,0,0,0,...]
Compiling architecture rtl of entity floating_point_v7_0.delay [\delay(1,1,false,true)\]
Compiling architecture rtl of entity floating_point_v7_0.special_detect [\special_detect("artix7",false,3...]
Compiling architecture struct of entity floating_point_v7_0.carry_chain [\carry_chain("artix7",16,0,1,fal...]
Compiling architecture synth of entity floating_point_v7_0.compare_gt [\compare_gt("artix7",32,false,1)...]
Compiling architecture synth of entity floating_point_v7_0.compare [\compare("artix7",32,true,1)(1,6...]
Compiling architecture synth of entity xbip_pipe_v3_0.xbip_pipe_v3_0_viv [\xbip_pipe_v3_0_viv(1,1,0,0,0,0,...]
Compiling architecture rtl of entity floating_point_v7_0.delay [\delay(8,1,false,false)\]
Compiling architecture synth of entity xbip_pipe_v3_0.xbip_pipe_v3_0_viv [\xbip_pipe_v3_0_viv(1,1,0,0,0,0,...]
Compiling architecture rtl of entity floating_point_v7_0.delay [\delay(9,1,false,false)\]
Compiling architecture synth of entity xbip_pipe_v3_0.xbip_pipe_v3_0_viv [\xbip_pipe_v3_0_viv(2,1,0,0,0,0,...]
Compiling architecture rtl of entity floating_point_v7_0.delay [\delay(2,2,false,true)\]
Compiling architecture synth of entity xbip_pipe_v3_0.xbip_pipe_v3_0_viv [\xbip_pipe_v3_0_viv(2,1,0,0,0,0,...]
Compiling architecture rtl of entity floating_point_v7_0.delay [\delay(1,2,false,true)\]
Compiling architecture synth of entity xbip_pipe_v3_0.xbip_pipe_v3_0_viv [\xbip_pipe_v3_0_viv(0,1,0,0,0,0,...]
Compiling architecture rtl of entity floating_point_v7_0.delay [\delay(2,0,false,true)\]
Compiling architecture synth of entity xbip_pipe_v3_0.xbip_pipe_v3_0_viv [\xbip_pipe_v3_0_viv(0,1,0,0,0,0,...]
Compiling architecture rtl of entity floating_point_v7_0.delay [\delay(12,0,false,false)\]
Compiling architecture rtl of entity floating_point_v7_0.flt_add_exp [\flt_add_exp("artix7",32,8,24,(-...]
Compiling architecture synth of entity floating_point_v7_0.flt_dec_op [\flt_dec_op("artix7",32,24,false...]
Compiling architecture rtl of entity floating_point_v7_0.flt_add_dsp [\flt_add_dsp("artix7",32,24,32,2...]
Compiling architecture rtl of entity floating_point_v7_0.flt_add [\flt_add("artix7",1,0,0,0,32,24,...]
Compiling architecture synth of entity xbip_pipe_v3_0.xbip_pipe_v3_0_viv [\xbip_pipe_v3_0_viv(3,1,0,0,0,0,...]
Compiling architecture synth of entity xbip_pipe_v3_0.xbip_pipe_v3_0_viv [\xbip_pipe_v3_0_viv(0,1,0,0,0,0,...]
Compiling architecture rtl of entity floating_point_v7_0.delay [\delay(32,0,false,false)\]
Compiling architecture xilinx of entity floating_point_v7_0.floating_point_v7_0_viv [\floating_point_v7_0_viv("artix7...]
Compiling architecture xilinx of entity floating_point_v7_0.floating_point_v7_0 [\floating_point_v7_0("artix7",1,...]
Compiling architecture addfloat_arch of entity xil_defaultlib.AddFloat [addfloat_default]
Compiling module xil_defaultlib.addfloat
Compiling module xil_defaultlib.C1_tb
Compiling module xil_defaultlib.glbl
Built simulation snapshot C1_tb_behav

****** Webtalk v2015.1 (64-bit)
  **** SW Build 1215546 on Mon Apr 27 19:07:21 MDT 2015
  **** IP Build 1209967 on Tue Apr 21 11:39:20 MDT 2015
    ** Copyright 1986-2015 Xilinx, Inc. All Rights Reserved.

source /home/yanai/project_1/project_1.sim/sim_1/behav/xsim.dir/C1_tb_behav/webtalk/xsim_webtalk.tcl -notrace
INFO: [Common 17-186] '/home/yanai/project_1/project_1.sim/sim_1/behav/xsim.dir/C1_tb_behav/webtalk/usage_statistics_ext_xsim.xml' has been successfully sent to Xilinx on Tue Jun  7 04:37:09 2016. For additional details about this file, please refer to the WebTalk help file at /opt/Xilin/Vivado/2015.1/doc/webtalk_introduction.html.
INFO: [Common 17-206] Exiting Webtalk at Tue Jun  7 04:37:09 2016...
run_program: Time (s): cpu = 00:00:07 ; elapsed = 00:00:07 . Memory (MB): peak = 5807.344 ; gain = 0.000 ; free physical = 4620 ; free virtual = 14406
INFO: [USF-XSim-4] XSim::Simulate design
INFO: [USF-XSim-61] Executing 'SIMULATE' step in '/home/yanai/project_1/project_1.sim/sim_1/behav'
INFO: [USF-XSim-98] *** Running xsim
   with args "C1_tb_behav -key {Behavioral:sim_1:Functional:C1_tb} -tclbatch {C1_tb.tcl} -log {simulate.log}"
INFO: [USF-XSim-8] Loading simulator feature
Vivado Simulator 2015.1
ERROR: [Simtcl 6-50] Simulation engine failed to start: A valid license was not found for simulation. Please run the Vivado License Manager for assistance in determining which features and devices are licensed for your system.
Please see the Tcl Console or the Messages for details.

ERROR: [USF-XSim-62] 'simulate' step failed with errors. Please check the Tcl console or log files for more information.
launch_simulation: Time (s): cpu = 00:00:10 ; elapsed = 00:00:11 . Memory (MB): peak = 5832.566 ; gain = 25.223 ; free physical = 4615 ; free virtual = 14407
