#! /usr/bin/vvp
:ivl_version "0.9.7 " "(v0_9_7)";
:vpi_time_precision - 12;
:vpi_module "system";
:vpi_module "v2005_math";
:vpi_module "va_math";
S_0x1c6b640 .scope module, "testbench" "testbench" 2 23;
 .timescale -9 -12;
P_0x1c4cb28 .param/l "CLOCK" 2 47, +C4<01010>;
v0x1cedc20_0 .var "ce", 0 0;
v0x1cedca0_0 .var "clk", 0 0;
v0x1cedd20_0 .var "counter", 31 0;
v0x1cedda0_0 .var "din", 31 0;
v0x1cede20_0 .var "i_average_dataNum_0", 31 0;
v0x1cedef0_0 .net "o_average_return", 31 0, L_0x1cee370; 1 drivers
v0x1cedfc0_0 .var "reset", 0 0;
v0x1cee090_0 .var "we", 0 0;
E_0x1ccd330 .event posedge, v0x1cec970_0;
S_0x1cb6b60 .scope module, "uut1" "design_1_wrapper" 2 37, 3 12, S_0x1c6b640;
 .timescale -12 -12;
v0x1ced6b0_0 .net "ce", 0 0, v0x1cedc20_0; 1 drivers
v0x1ced920_0 .net "clk", 0 0, v0x1cedca0_0; 1 drivers
v0x1ced9a0_0 .net "din", 31 0, v0x1cedda0_0; 1 drivers
v0x1ceda20_0 .net "i_average_dataNum_0", 31 0, v0x1cede20_0; 1 drivers
v0x1cedaa0_0 .alias "o_average_return", 31 0, v0x1cedef0_0;
v0x1cedb20_0 .net "reset", 0 0, v0x1cedfc0_0; 1 drivers
v0x1cedba0_0 .net "we", 0 0, v0x1cee090_0; 1 drivers
S_0x1c6d530 .scope module, "design_1_i" "design_1" 3 36, 4 13, S_0x1cb6b60;
 .timescale -12 -12;
L_0x1ce7b10 .functor BUFZ 1, v0x1cedc20_0, C4<0>, C4<0>, C4<0>;
L_0x1cee200 .functor BUFZ 1, v0x1cedca0_0, C4<0>, C4<0>, C4<0>;
L_0x1cee260 .functor BUFZ 32, v0x1cedda0_0, C4<00000000000000000000000000000000>, C4<00000000000000000000000000000000>, C4<00000000000000000000000000000000>;
L_0x1cee2c0 .functor BUFZ 32, v0x1cede20_0, C4<00000000000000000000000000000000>, C4<00000000000000000000000000000000>, C4<00000000000000000000000000000000>;
L_0x1cee370 .functor BUFZ 32, v0x1cea800_0, C4<00000000000000000000000000000000>, C4<00000000000000000000000000000000>, C4<00000000000000000000000000000000>;
L_0x1cee420 .functor BUFZ 1, v0x1cedfc0_0, C4<0>, C4<0>, C4<0>;
L_0x1cee480 .functor BUFZ 1, v0x1cee090_0, C4<0>, C4<0>, C4<0>;
v0x1cec3b0_0 .net "DualPortRAM_0_dataout_1", 31 0, v0x1cec180_0; 1 drivers
v0x1cec430_0 .net "PE_0_o_average_busy", 0 0, v0x1cea510_0; 1 drivers
v0x1cec4b0_0 .net "PE_0_o_average_matX_1_addr", 31 0, L_0x1cef360; 1 drivers
v0x1cec530_0 .net "PE_0_o_average_matX_1_ce", 0 0, L_0x1cef4c0; 1 drivers
v0x1cec600_0 .net "PE_0_o_average_matX_1_datain", 31 0, L_0x1cef3c0; 1 drivers
v0x1cec6d0_0 .net "PE_0_o_average_matX_1_r_w", 0 0, L_0x1cef300; 1 drivers
v0x1cec7a0_0 .net "PE_0_o_average_return", 31 0, v0x1cea800_0; 1 drivers
v0x1cec820_0 .alias "ce", 0 0, v0x1ced6b0_0;
v0x1cec8f0_0 .net "ce_1", 0 0, L_0x1ce7b10; 1 drivers
v0x1cec970_0 .alias "clk", 0 0, v0x1ced920_0;
v0x1cec9f0_0 .net "clk_1", 0 0, L_0x1cee200; 1 drivers
v0x1ceca70_0 .alias "din", 31 0, v0x1ced9a0_0;
v0x1cecaf0_0 .net "din_1", 31 0, L_0x1cee260; 1 drivers
v0x1cecb70_0 .net "fifo2bram_0_ce", 0 0, v0x1ce8d80_0; 1 drivers
v0x1ceccc0_0 .net "fifo2bram_0_datain_0", 31 0, L_0x1cefb10; 1 drivers
v0x1cecd90_0 .net "fifo2bram_0_i_average_req", 0 0, v0x1ce9320_0; 1 drivers
v0x1cecbf0_0 .net "fifo2bram_0_o_average_addr_0", 31 0, v0x1ce93c0_0; 1 drivers
v0x1cecef0_0 .net "fifo2bram_0_r_w_0", 0 0, v0x1ce9500_0; 1 drivers
v0x1ced010_0 .net "fifo2bram_0_re", 0 0, v0x1ce95a0_0; 1 drivers
v0x1ced090_0 .alias "i_average_dataNum_0", 31 0, v0x1ceda20_0;
v0x1cecf70_0 .net "i_average_dataNum_0_1", 31 0, L_0x1cee2c0; 1 drivers
v0x1ced1c0_0 .alias "o_average_return", 31 0, v0x1cedef0_0;
v0x1ced110_0 .alias "reset", 0 0, v0x1cedb20_0;
v0x1ced300_0 .net "reset_1", 0 0, L_0x1cee420; 1 drivers
v0x1ced450_0 .net "simple_fifo_32_0_count", 31 0, v0x1ce7590_0; 1 drivers
v0x1ced4d0_0 .net "simple_fifo_32_0_dout", 31 0, L_0x1cefca0; 1 drivers
v0x1ced380_0 .net "simple_fifo_32_0_empty", 0 0, v0x1ce7900_0; 1 drivers
v0x1ced630_0 .net "simple_fifo_32_0_full", 0 0, v0x1ce7a90_0; 1 drivers
v0x1ced550_0 .alias "we", 0 0, v0x1cedba0_0;
v0x1ced7a0_0 .net "we_1", 0 0, L_0x1cee480; 1 drivers
L_0x1cee5a0 .part v0x1ce93c0_0, 0, 10;
L_0x1cee690 .part L_0x1cef360, 0, 10;
S_0x1ceb890 .scope module, "DualPortRAM" "DualPortRAM" 4 60, 5 6, S_0x1c6d530;
 .timescale 0 0;
P_0x1ceb988 .param/l "AWIDTH" 5 7, +C4<01010>;
P_0x1ceb9b0 .param/l "DWIDTH" 5 7, +C4<0100000>;
P_0x1ceb9d8 .param/l "WORDS" 5 7, +C4<010000000000>;
v0x1cebb10_0 .net "addr_0", 9 0, L_0x1cee5a0; 1 drivers
v0x1cebbd0_0 .net "addr_1", 9 0, L_0x1cee690; 1 drivers
v0x1cebc70_0 .alias "ce_0", 0 0, v0x1cecb70_0;
v0x1cebcf0_0 .alias "ce_1", 0 0, v0x1cec530_0;
v0x1cebd70_0 .alias "clk", 0 0, v0x1cec9f0_0;
v0x1cebe80_0 .alias "datain_0", 31 0, v0x1ceccc0_0;
v0x1cebf00_0 .alias "datain_1", 31 0, v0x1cec600_0;
v0x1cebf80_0 .net "dataout_0", 31 0, v0x1cec100_0; 1 drivers
v0x1cec000_0 .alias "dataout_1", 31 0, v0x1cec3b0_0;
v0x1cec080 .array "mem", 0 1023, 31 0;
v0x1cec100_0 .var "r_dataout_0", 31 0;
v0x1cec180_0 .var "r_dataout_1", 31 0;
v0x1cec200_0 .alias "r_w_0", 0 0, v0x1cecef0_0;
v0x1cec280_0 .alias "r_w_1", 0 0, v0x1cec6d0_0;
S_0x1ce9940 .scope module, "PE" "PE" 4 71, 6 6, S_0x1c6d530;
 .timescale 0 0;
L_0x1cee880 .functor AND 1, C4<1>, L_0x1ce7b10, C4<1>, C4<1>;
L_0x1cee930 .functor AND 1, L_0x1cee880, L_0x1cef250, C4<1>, C4<1>;
L_0x1ceee90 .functor BUFZ 32, v0x1cec180_0, C4<00000000000000000000000000000000>, C4<00000000000000000000000000000000>, C4<00000000000000000000000000000000>;
L_0x1cef170 .functor BUFZ 1, L_0x1cee930, C4<0>, C4<0>, C4<0>;
L_0x1cef250 .functor BUFZ 1, C4<1>, C4<0>, C4<0>, C4<0>;
L_0x1cef360 .functor BUFZ 32, v0x1cea490_0, C4<00000000000000000000000000000000>, C4<00000000000000000000000000000000>, C4<00000000000000000000000000000000>;
L_0x1cef3c0 .functor BUFZ 32, v0x1cea5b0_0, C4<00000000000000000000000000000000>, C4<00000000000000000000000000000000>, C4<00000000000000000000000000000000>;
L_0x1cef300 .functor BUFZ 1, v0x1cea630_0, C4<0>, C4<0>, C4<0>;
L_0x1cef4c0 .functor BUFZ 1, L_0x1cef170, C4<0>, C4<0>, C4<0>;
L_0x1cef760 .functor BUFZ 32, L_0x1ceee90, C4<00000000000000000000000000000000>, C4<00000000000000000000000000000000>, C4<00000000000000000000000000000000>;
L_0x1cef9d0 .functor BUFZ 32, v0x1cea2a0_0, C4<00000000000000000000000000000000>, C4<00000000000000000000000000000000>, C4<00000000000000000000000000000000>;
v0x1ce96a0_0 .net *"_s16", 1 0, C4<01>; 1 drivers
v0x1ce9a70_0 .net *"_s20", 2 0, C4<001>; 1 drivers
v0x1ce9b10_0 .net *"_s8", 0 0, L_0x1cee880; 1 drivers
v0x1ce9bb0_0 .alias "ce", 0 0, v0x1cec8f0_0;
v0x1ce9c30_0 .alias "clock", 0 0, v0x1cec9f0_0;
v0x1ce9cb0_0 .alias/s "i_average_dataNum_0", 31 0, v0x1cecf70_0;
v0x1ce9d50_0 .alias/s "i_average_matX_1_dataout", 31 0, v0x1cec3b0_0;
v0x1ce9df0_0 .alias "i_average_req", 0 0, v0x1cecd90_0;
v0x1ce9ec0_0 .alias "o_average_busy", 0 0, v0x1cec430_0;
v0x1ce9f40_0 .alias/s "o_average_matX_1_addr", 31 0, v0x1cec4b0_0;
v0x1ce9fc0_0 .alias "o_average_matX_1_ce", 0 0, v0x1cec530_0;
v0x1cea040_0 .alias/s "o_average_matX_1_datain", 31 0, v0x1cec600_0;
v0x1cea0e0_0 .alias "o_average_matX_1_r_w", 0 0, v0x1cec6d0_0;
v0x1cea180_0 .alias/s "o_average_return", 31 0, v0x1cec7a0_0;
v0x1cea2a0_0 .var/s "r_average_average_3", 31 0;
v0x1cea340_0 .var/s "r_average_dataNum_0", 31 0;
v0x1cea200_0 .var/s "r_average_i_2", 31 0;
v0x1cea490_0 .var/s "r_average_matX_1_addr", 31 0;
v0x1cea5b0_0 .var/s "r_average_matX_1_datain", 31 0;
v0x1cea630_0 .var "r_average_matX_1_r_w", 0 0;
v0x1cea510_0 .var "r_sys_average_busy", 0 0;
v0x1cea760_0 .var "r_sys_average_caller", 1 0;
v0x1cea6b0_0 .var "r_sys_average_phase", 3 0;
v0x1cea8a0_0 .var "r_sys_average_req", 0 0;
v0x1cea800_0 .var/s "r_sys_average_return", 31 0;
v0x1cea9f0_0 .var "r_sys_average_stage", 1 0;
v0x1cea940_0 .var "r_sys_average_step", 2 0;
v0x1ceab50_0 .var "r_sys_processing_methodID", 1 0;
v0x1ceaa90_0 .alias "reset_n", 0 0, v0x1ced300_0;
v0x1ceacc0_0 .net/s "w_average_matX_1_addr", 31 0, v0x1cea490_0; 1 drivers
v0x1ceabd0_0 .net "w_average_matX_1_cacheHit", 0 0, L_0x1cef250; 1 drivers
v0x1ceae40_0 .net "w_average_matX_1_ce", 0 0, L_0x1cef170; 1 drivers
v0x1cead40_0 .net/s "w_average_matX_1_datain", 31 0, v0x1cea5b0_0; 1 drivers
v0x1ceafd0_0 .net/s "w_average_matX_1_dataout", 31 0, L_0x1ceee90; 1 drivers
v0x1ceaec0_0 .net "w_average_matX_1_r_w", 0 0, v0x1cea630_0; 1 drivers
v0x1ceb170_0 .net "w_sys_average_stage_p1", 1 0, L_0x1ceeba0; 1 drivers
v0x1ceb050_0 .net "w_sys_average_step_p1", 2 0, L_0x1ceeda0; 1 drivers
v0x1ceb0f0_0 .net "w_sys_boolFalse", 0 0, C4<0>; 1 drivers
v0x1ceb330_0 .net "w_sys_boolTrue", 0 0, C4<1>; 1 drivers
v0x1ceb3b0_0 .net "w_sys_ce", 0 0, L_0x1cee930; 1 drivers
v0x1ceb1f0_0 .net/s "w_sys_intOne", 31 0, C4<00000000000000000000000000000001>; 1 drivers
v0x1ceb290_0 .net/s "w_sys_intZero", 31 0, C4<00000000000000000000000000000000>; 1 drivers
v0x1ceb590_0 .net "w_sys_tmp1", 0 0, L_0x1cef5f0; 1 drivers
v0x1ceb610_0 .net/s "w_sys_tmp3", 31 0, L_0x1cef690; 1 drivers
v0x1ceb430_0 .net/s "w_sys_tmp4", 31 0, L_0x1cef760; 1 drivers
v0x1ceb4d0_0 .net/s "w_sys_tmp5", 31 0, L_0x1cef860; 1 drivers
v0x1ceb810_0 .net/s "w_sys_tmp6", 31 0, L_0x1cef9d0; 1 drivers
L_0x1ceeba0 .arith/sum 2, v0x1cea9f0_0, C4<01>;
L_0x1ceeda0 .arith/sum 3, v0x1cea940_0, C4<001>;
L_0x1cef5f0 .cmp/gt.s 32, v0x1cea340_0, v0x1cea200_0;
L_0x1cef690 .arith/sum 32, L_0x1cef760, v0x1cea2a0_0;
L_0x1cef860 .arith/sum 32, v0x1cea200_0, C4<00000000000000000000000000000001>;
S_0x1ce8a30 .scope module, "fifo2bram" "fifo2bram" 4 84, 7 1, S_0x1c6d530;
 .timescale -12 -12;
P_0x1ce8b28 .param/l "BRAM_W" 7 22, C4<010>;
P_0x1ce8b50 .param/l "FIFO_R" 7 22, C4<001>;
P_0x1ce8b78 .param/l "JRTRUN" 7 22, C4<011>;
P_0x1ce8ba0 .param/l "START" 7 22, C4<000>;
P_0x1ce8bc8 .param/l "WAIT" 7 22, C4<100>;
L_0x1cefb10 .functor BUFZ 32, L_0x1cefca0, C4<00000000000000000000000000000000>, C4<00000000000000000000000000000000>, C4<00000000000000000000000000000000>;
v0x1ce8d00_0 .var "addr", 31 0;
v0x1ce8d80_0 .var "ce", 0 0;
v0x1ce8e00_0 .alias "clk", 0 0, v0x1cec9f0_0;
v0x1ce8ed0_0 .alias "count", 31 0, v0x1ced450_0;
v0x1ce8fa0_0 .alias "datain_0", 31 0, v0x1ceccc0_0;
v0x1ce9020_0 .alias "dout", 31 0, v0x1ced4d0_0;
v0x1ce9130_0 .alias "empty", 0 0, v0x1ced380_0;
v0x1ce9200_0 .alias "full", 0 0, v0x1ced630_0;
v0x1ce9320_0 .var "i_average_req", 0 0;
v0x1ce93c0_0 .var "o_average_addr_0", 31 0;
v0x1ce9460_0 .alias "o_average_busy", 0 0, v0x1cec430_0;
v0x1ce9500_0 .var "r_w_0", 0 0;
v0x1ce95a0_0 .var "re", 0 0;
v0x1ce9620_0 .alias "reset", 0 0, v0x1ced300_0;
v0x1ce9770_0 .var "state", 2 0;
v0x1ce9810_0 .var "sub_state", 1 0;
S_0x1c6b070 .scope module, "simple_fifo_32" "simple_fifo_32" 4 98, 8 3, S_0x1c6d530;
 .timescale -12 -12;
P_0x1c6bfb8 .param/l "DEPTH" 8 3, +C4<010100>;
P_0x1c6bfe0 .param/l "WIDTH" 8 3, +C4<0100000>;
v0x1ce82f0_0 .alias "clk", 0 0, v0x1cec9f0_0;
v0x1ce84e0_0 .alias "count", 31 0, v0x1ced450_0;
v0x1ce8590_0 .alias "din", 31 0, v0x1cecaf0_0;
v0x1ce8640_0 .alias "dout", 31 0, v0x1ced4d0_0;
v0x1ce86f0_0 .alias "empty", 0 0, v0x1ced380_0;
v0x1ce87a0_0 .alias "full", 0 0, v0x1ced630_0;
v0x1ce8820_0 .alias "re", 0 0, v0x1ced010_0;
v0x1ce88d0_0 .alias "reset", 0 0, v0x1ced300_0;
v0x1ce8980_0 .alias "we", 0 0, v0x1ced7a0_0;
S_0x1c6d350 .scope module, "U" "simple_fifo" 8 18, 9 3, S_0x1c6b070;
 .timescale -12 -12;
P_0x1cb3c18 .param/l "DEPTH" 9 3, +C4<010100>;
P_0x1cb3c40 .param/l "FIFO_SIZE" 9 18, +C4<0100000000000000000000>;
P_0x1cb3c68 .param/l "WIDTH" 9 3, +C4<0100000>;
L_0x1cefca0 .functor BUFZ 32, L_0x1cefc00, C4<00000000000000000000000000000000>, C4<00000000000000000000000000000000>, C4<00000000000000000000000000000000>;
v0x1ca9960_0 .net *"_s0", 31 0, L_0x1cefc00; 1 drivers
v0x1ce74f0_0 .alias "clk", 0 0, v0x1cec9f0_0;
v0x1ce7590_0 .var "count", 31 0;
v0x1ce7630_0 .var/s "count_tmp", 31 0;
v0x1ce76e0_0 .var "counter", 31 0;
v0x1ce7780_0 .alias "din", 31 0, v0x1cecaf0_0;
v0x1ce7860_0 .alias "dout", 31 0, v0x1ced4d0_0;
v0x1ce7900_0 .var "empty", 0 0;
v0x1ce79f0_0 .var "empty_tmp", 0 0;
v0x1ce7a90_0 .var "full", 0 0;
v0x1ce7b90_0 .var "full_tmp", 0 0;
v0x1ce7c30_0 .var/s "head", 31 0;
v0x1ce7d40_0 .var/s "head_tmp", 31 0;
v0x1ce7de0_0 .var "looped", 0 0;
v0x1ce7f00_0 .var "looped_tmp", 0 0;
v0x1ce7fa0 .array "mem", 1048575 0, 31 0;
v0x1ce7e60_0 .alias "re", 0 0, v0x1ced010_0;
v0x1ce80d0_0 .alias "reset", 0 0, v0x1ced300_0;
v0x1ce81f0_0 .var "reset_count", 0 0;
v0x1ce8270_0 .var/s "tail", 31 0;
v0x1ce8150_0 .var/s "tail_tmp", 31 0;
v0x1ce83a0_0 .alias "we", 0 0, v0x1ced7a0_0;
E_0x1cb8ce0 .event posedge, v0x1ce74f0_0;
L_0x1cefc00 .array/port v0x1ce7fa0, v0x1ce8150_0;
    .scope S_0x1ceb890;
T_0 ;
    %wait E_0x1cb8ce0;
    %load/v 8, v0x1cebc70_0, 1;
    %jmp/0xz  T_0.0, 8;
    %load/v 8, v0x1cec200_0, 1;
    %jmp/0xz  T_0.2, 8;
    %load/v 8, v0x1cebe80_0, 32;
    %ix/getv 3, v0x1cebb10_0;
    %jmp/1 t_0, 4;
    %ix/load 0, 32, 0; word width
    %ix/load 1, 0, 0; part off
    %assign/av v0x1cec080, 0, 8;
t_0 ;
T_0.2 ;
    %ix/getv 3, v0x1cebb10_0;
    %load/av 8, v0x1cec080, 32;
    %ix/load 0, 32, 0;
    %assign/v0 v0x1cec100_0, 0, 8;
T_0.0 ;
    %jmp T_0;
    .thread T_0;
    .scope S_0x1ceb890;
T_1 ;
    %wait E_0x1cb8ce0;
    %load/v 8, v0x1cebcf0_0, 1;
    %jmp/0xz  T_1.0, 8;
    %load/v 8, v0x1cec280_0, 1;
    %jmp/0xz  T_1.2, 8;
    %load/v 8, v0x1cebf00_0, 32;
    %ix/getv 3, v0x1cebbd0_0;
    %jmp/1 t_1, 4;
    %ix/load 0, 32, 0; word width
    %ix/load 1, 0, 0; part off
    %assign/av v0x1cec080, 0, 8;
t_1 ;
T_1.2 ;
    %ix/getv 3, v0x1cebbd0_0;
    %load/av 8, v0x1cec080, 32;
    %ix/load 0, 32, 0;
    %assign/v0 v0x1cec180_0, 0, 8;
T_1.0 ;
    %jmp T_1;
    .thread T_1;
    .scope S_0x1ce9940;
T_2 ;
    %wait E_0x1cb8ce0;
    %load/v 8, v0x1ceaa90_0, 1;
    %inv 8, 1;
    %jmp/0xz  T_2.0, 8;
    %ix/load 0, 2, 0;
    %assign/v0 v0x1ceab50_0, 0, 0;
    %jmp T_2.1;
T_2.0 ;
    %load/v 8, v0x1ceb3b0_0, 1;
    %jmp/0xz  T_2.2, 8;
    %load/v 8, v0x1ceab50_0, 2;
    %cmpi/u 8, 0, 2;
    %jmp/1 T_2.4, 6;
    %cmpi/u 8, 1, 2;
    %jmp/1 T_2.5, 6;
    %jmp T_2.6;
T_2.4 ;
    %load/v 8, v0x1ce9df0_0, 1;
    %jmp/0  T_2.7, 8;
    %movi 9, 1, 2;
    %jmp/1  T_2.9, 8;
T_2.7 ; End of true expr.
    %load/v 11, v0x1ceab50_0, 2;
    %jmp/0  T_2.8, 8;
 ; End of false expr.
    %blend  9, 11, 2; Condition unknown.
    %jmp  T_2.9;
T_2.8 ;
    %mov 9, 11, 2; Return false value
T_2.9 ;
    %ix/load 0, 2, 0;
    %assign/v0 v0x1ceab50_0, 0, 9;
    %jmp T_2.6;
T_2.5 ;
    %load/v 8, v0x1cea6b0_0, 4;
    %cmpi/u 8, 12, 4;
    %jmp/1 T_2.10, 6;
    %jmp T_2.11;
T_2.10 ;
    %load/v 8, v0x1cea760_0, 2;
    %ix/load 0, 2, 0;
    %assign/v0 v0x1ceab50_0, 0, 8;
    %jmp T_2.11;
T_2.11 ;
    %jmp T_2.6;
T_2.6 ;
T_2.2 ;
T_2.1 ;
    %jmp T_2;
    .thread T_2;
    .scope S_0x1ce9940;
T_3 ;
    %wait E_0x1cb8ce0;
    %load/v 8, v0x1ceaa90_0, 1;
    %inv 8, 1;
    %jmp/0xz  T_3.0, 8;
    %ix/load 0, 32, 0;
    %assign/v0 v0x1cea800_0, 0, 0;
    %jmp T_3.1;
T_3.0 ;
    %load/v 8, v0x1ceb3b0_0, 1;
    %jmp/0xz  T_3.2, 8;
    %load/v 8, v0x1ceab50_0, 2;
    %cmpi/u 8, 1, 2;
    %jmp/1 T_3.4, 6;
    %jmp T_3.5;
T_3.4 ;
    %load/v 8, v0x1cea6b0_0, 4;
    %cmpi/u 8, 9, 4;
    %jmp/1 T_3.6, 6;
    %jmp T_3.7;
T_3.6 ;
    %load/v 8, v0x1ceb810_0, 32;
    %ix/load 0, 32, 0;
    %assign/v0 v0x1cea800_0, 0, 8;
    %jmp T_3.7;
T_3.7 ;
    %jmp T_3.5;
T_3.5 ;
T_3.2 ;
T_3.1 ;
    %jmp T_3;
    .thread T_3;
    .scope S_0x1ce9940;
T_4 ;
    %wait E_0x1cb8ce0;
    %load/v 8, v0x1ceaa90_0, 1;
    %inv 8, 1;
    %jmp/0xz  T_4.0, 8;
    %ix/load 0, 2, 0;
    %assign/v0 v0x1cea760_0, 0, 0;
T_4.0 ;
    %jmp T_4;
    .thread T_4;
    .scope S_0x1ce9940;
T_5 ;
    %wait E_0x1cb8ce0;
    %load/v 8, v0x1ceaa90_0, 1;
    %inv 8, 1;
    %jmp/0xz  T_5.0, 8;
    %load/v 8, v0x1ceb0f0_0, 1;
    %ix/load 0, 1, 0;
    %assign/v0 v0x1cea8a0_0, 0, 8;
T_5.0 ;
    %jmp T_5;
    .thread T_5;
    .scope S_0x1ce9940;
T_6 ;
    %wait E_0x1cb8ce0;
    %load/v 8, v0x1ceaa90_0, 1;
    %inv 8, 1;
    %jmp/0xz  T_6.0, 8;
    %ix/load 0, 4, 0;
    %assign/v0 v0x1cea6b0_0, 0, 0;
    %jmp T_6.1;
T_6.0 ;
    %load/v 8, v0x1ceb3b0_0, 1;
    %jmp/0xz  T_6.2, 8;
    %load/v 8, v0x1ceab50_0, 2;
    %cmpi/u 8, 1, 2;
    %jmp/1 T_6.4, 6;
    %jmp T_6.5;
T_6.4 ;
    %load/v 8, v0x1cea6b0_0, 4;
    %cmpi/u 8, 0, 4;
    %jmp/1 T_6.6, 6;
    %cmpi/u 8, 2, 4;
    %jmp/1 T_6.7, 6;
    %cmpi/u 8, 4, 4;
    %jmp/1 T_6.8, 6;
    %cmpi/u 8, 5, 4;
    %jmp/1 T_6.9, 6;
    %cmpi/u 8, 8, 4;
    %jmp/1 T_6.10, 6;
    %cmpi/u 8, 9, 4;
    %jmp/1 T_6.11, 6;
    %cmpi/u 8, 10, 4;
    %jmp/1 T_6.12, 6;
    %cmpi/u 8, 12, 4;
    %jmp/1 T_6.13, 6;
    %jmp T_6.14;
T_6.6 ;
    %movi 8, 2, 4;
    %ix/load 0, 4, 0;
    %assign/v0 v0x1cea6b0_0, 0, 8;
    %jmp T_6.14;
T_6.7 ;
    %load/v 8, v0x1cea9f0_0, 2;
    %cmpi/u 8, 0, 2;
    %jmp/1 T_6.15, 6;
    %jmp T_6.16;
T_6.15 ;
    %load/v 8, v0x1cea940_0, 3;
    %cmpi/u 8, 0, 3;
    %jmp/0xz  T_6.17, 4;
    %movi 8, 4, 4;
    %ix/load 0, 4, 0;
    %assign/v0 v0x1cea6b0_0, 0, 8;
T_6.17 ;
    %jmp T_6.16;
T_6.16 ;
    %jmp T_6.14;
T_6.8 ;
    %load/v 8, v0x1cea9f0_0, 2;
    %cmpi/u 8, 0, 2;
    %jmp/1 T_6.19, 6;
    %jmp T_6.20;
T_6.19 ;
    %load/v 8, v0x1cea940_0, 3;
    %cmpi/u 8, 0, 3;
    %jmp/0xz  T_6.21, 4;
    %movi 8, 5, 4;
    %ix/load 0, 4, 0;
    %assign/v0 v0x1cea6b0_0, 0, 8;
T_6.21 ;
    %jmp T_6.20;
T_6.20 ;
    %jmp T_6.14;
T_6.9 ;
    %load/v 8, v0x1cea9f0_0, 2;
    %cmpi/u 8, 0, 2;
    %jmp/1 T_6.23, 6;
    %jmp T_6.24;
T_6.23 ;
    %load/v 8, v0x1cea940_0, 3;
    %cmpi/u 8, 0, 3;
    %jmp/0xz  T_6.25, 4;
    %load/v 8, v0x1ceb590_0, 1;
    %jmp/0  T_6.27, 8;
    %movi 9, 8, 4;
    %jmp/1  T_6.29, 8;
T_6.27 ; End of true expr.
    %movi 13, 10, 4;
    %jmp/0  T_6.28, 8;
 ; End of false expr.
    %blend  9, 13, 4; Condition unknown.
    %jmp  T_6.29;
T_6.28 ;
    %mov 9, 13, 4; Return false value
T_6.29 ;
    %ix/load 0, 4, 0;
    %assign/v0 v0x1cea6b0_0, 0, 9;
T_6.25 ;
    %jmp T_6.24;
T_6.24 ;
    %jmp T_6.14;
T_6.10 ;
    %load/v 8, v0x1cea9f0_0, 2;
    %cmpi/u 8, 0, 2;
    %jmp/1 T_6.30, 6;
    %jmp T_6.31;
T_6.30 ;
    %load/v 8, v0x1cea940_0, 3;
    %cmpi/u 8, 2, 3;
    %jmp/0xz  T_6.32, 4;
    %movi 8, 5, 4;
    %ix/load 0, 4, 0;
    %assign/v0 v0x1cea6b0_0, 0, 8;
T_6.32 ;
    %jmp T_6.31;
T_6.31 ;
    %jmp T_6.14;
T_6.11 ;
    %movi 8, 12, 4;
    %ix/load 0, 4, 0;
    %assign/v0 v0x1cea6b0_0, 0, 8;
    %jmp T_6.14;
T_6.12 ;
    %load/v 8, v0x1cea9f0_0, 2;
    %cmpi/u 8, 0, 2;
    %jmp/1 T_6.34, 6;
    %jmp T_6.35;
T_6.34 ;
    %load/v 8, v0x1cea940_0, 3;
    %cmpi/u 8, 0, 3;
    %jmp/0xz  T_6.36, 4;
    %movi 8, 9, 4;
    %ix/load 0, 4, 0;
    %assign/v0 v0x1cea6b0_0, 0, 8;
T_6.36 ;
    %jmp T_6.35;
T_6.35 ;
    %jmp T_6.14;
T_6.13 ;
    %ix/load 0, 4, 0;
    %assign/v0 v0x1cea6b0_0, 0, 0;
    %jmp T_6.14;
T_6.14 ;
    %jmp T_6.5;
T_6.5 ;
T_6.2 ;
T_6.1 ;
    %jmp T_6;
    .thread T_6;
    .scope S_0x1ce9940;
T_7 ;
    %wait E_0x1cb8ce0;
    %load/v 8, v0x1ceaa90_0, 1;
    %inv 8, 1;
    %jmp/0xz  T_7.0, 8;
    %ix/load 0, 2, 0;
    %assign/v0 v0x1cea9f0_0, 0, 0;
    %jmp T_7.1;
T_7.0 ;
    %load/v 8, v0x1ceb3b0_0, 1;
    %jmp/0xz  T_7.2, 8;
    %load/v 8, v0x1ceab50_0, 2;
    %cmpi/u 8, 1, 2;
    %jmp/1 T_7.4, 6;
    %jmp T_7.5;
T_7.4 ;
    %load/v 8, v0x1cea6b0_0, 4;
    %cmpi/u 8, 2, 4;
    %jmp/1 T_7.6, 6;
    %cmpi/u 8, 4, 4;
    %jmp/1 T_7.7, 6;
    %cmpi/u 8, 5, 4;
    %jmp/1 T_7.8, 6;
    %cmpi/u 8, 8, 4;
    %jmp/1 T_7.9, 6;
    %cmpi/u 8, 10, 4;
    %jmp/1 T_7.10, 6;
    %jmp T_7.11;
T_7.6 ;
    %load/v 8, v0x1cea9f0_0, 2;
    %cmpi/u 8, 0, 2;
    %jmp/1 T_7.12, 6;
    %jmp T_7.13;
T_7.12 ;
    %load/v 8, v0x1cea940_0, 3;
    %cmpi/u 8, 0, 3;
    %jmp/0xz  T_7.14, 4;
    %ix/load 0, 2, 0;
    %assign/v0 v0x1cea9f0_0, 0, 0;
T_7.14 ;
    %jmp T_7.13;
T_7.13 ;
    %jmp T_7.11;
T_7.7 ;
    %load/v 8, v0x1cea9f0_0, 2;
    %cmpi/u 8, 0, 2;
    %jmp/1 T_7.16, 6;
    %jmp T_7.17;
T_7.16 ;
    %load/v 8, v0x1cea940_0, 3;
    %cmpi/u 8, 0, 3;
    %jmp/0xz  T_7.18, 4;
    %ix/load 0, 2, 0;
    %assign/v0 v0x1cea9f0_0, 0, 0;
T_7.18 ;
    %jmp T_7.17;
T_7.17 ;
    %jmp T_7.11;
T_7.8 ;
    %load/v 8, v0x1cea9f0_0, 2;
    %cmpi/u 8, 0, 2;
    %jmp/1 T_7.20, 6;
    %jmp T_7.21;
T_7.20 ;
    %load/v 8, v0x1cea940_0, 3;
    %cmpi/u 8, 0, 3;
    %jmp/0xz  T_7.22, 4;
    %ix/load 0, 2, 0;
    %assign/v0 v0x1cea9f0_0, 0, 0;
T_7.22 ;
    %jmp T_7.21;
T_7.21 ;
    %jmp T_7.11;
T_7.9 ;
    %load/v 8, v0x1cea9f0_0, 2;
    %cmpi/u 8, 0, 2;
    %jmp/1 T_7.24, 6;
    %jmp T_7.25;
T_7.24 ;
    %load/v 8, v0x1cea940_0, 3;
    %cmpi/u 8, 2, 3;
    %jmp/0xz  T_7.26, 4;
    %ix/load 0, 2, 0;
    %assign/v0 v0x1cea9f0_0, 0, 0;
T_7.26 ;
    %jmp T_7.25;
T_7.25 ;
    %jmp T_7.11;
T_7.10 ;
    %load/v 8, v0x1cea9f0_0, 2;
    %cmpi/u 8, 0, 2;
    %jmp/1 T_7.28, 6;
    %jmp T_7.29;
T_7.28 ;
    %load/v 8, v0x1cea940_0, 3;
    %cmpi/u 8, 0, 3;
    %jmp/0xz  T_7.30, 4;
    %ix/load 0, 2, 0;
    %assign/v0 v0x1cea9f0_0, 0, 0;
T_7.30 ;
    %jmp T_7.29;
T_7.29 ;
    %jmp T_7.11;
T_7.11 ;
    %jmp T_7.5;
T_7.5 ;
T_7.2 ;
T_7.1 ;
    %jmp T_7;
    .thread T_7;
    .scope S_0x1ce9940;
T_8 ;
    %wait E_0x1cb8ce0;
    %load/v 8, v0x1ceaa90_0, 1;
    %inv 8, 1;
    %jmp/0xz  T_8.0, 8;
    %ix/load 0, 3, 0;
    %assign/v0 v0x1cea940_0, 0, 0;
    %jmp T_8.1;
T_8.0 ;
    %load/v 8, v0x1ceb3b0_0, 1;
    %jmp/0xz  T_8.2, 8;
    %load/v 8, v0x1ceab50_0, 2;
    %cmpi/u 8, 1, 2;
    %jmp/1 T_8.4, 6;
    %jmp T_8.5;
T_8.4 ;
    %load/v 8, v0x1cea6b0_0, 4;
    %cmpi/u 8, 2, 4;
    %jmp/1 T_8.6, 6;
    %cmpi/u 8, 4, 4;
    %jmp/1 T_8.7, 6;
    %cmpi/u 8, 5, 4;
    %jmp/1 T_8.8, 6;
    %cmpi/u 8, 8, 4;
    %jmp/1 T_8.9, 6;
    %cmpi/u 8, 10, 4;
    %jmp/1 T_8.10, 6;
    %jmp T_8.11;
T_8.6 ;
    %load/v 8, v0x1cea9f0_0, 2;
    %cmpi/u 8, 0, 2;
    %jmp/1 T_8.12, 6;
    %jmp T_8.13;
T_8.12 ;
    %load/v 8, v0x1cea940_0, 3;
    %cmpi/u 8, 0, 3;
    %jmp/0xz  T_8.14, 4;
    %ix/load 0, 3, 0;
    %assign/v0 v0x1cea940_0, 0, 0;
T_8.14 ;
    %jmp T_8.13;
T_8.13 ;
    %jmp T_8.11;
T_8.7 ;
    %load/v 8, v0x1cea9f0_0, 2;
    %cmpi/u 8, 0, 2;
    %jmp/1 T_8.16, 6;
    %jmp T_8.17;
T_8.16 ;
    %load/v 8, v0x1cea940_0, 3;
    %cmpi/u 8, 0, 3;
    %jmp/0xz  T_8.18, 4;
    %ix/load 0, 3, 0;
    %assign/v0 v0x1cea940_0, 0, 0;
T_8.18 ;
    %jmp T_8.17;
T_8.17 ;
    %jmp T_8.11;
T_8.8 ;
    %load/v 8, v0x1cea9f0_0, 2;
    %cmpi/u 8, 0, 2;
    %jmp/1 T_8.20, 6;
    %jmp T_8.21;
T_8.20 ;
    %load/v 8, v0x1cea940_0, 3;
    %cmpi/u 8, 0, 3;
    %jmp/0xz  T_8.22, 4;
    %ix/load 0, 3, 0;
    %assign/v0 v0x1cea940_0, 0, 0;
T_8.22 ;
    %jmp T_8.21;
T_8.21 ;
    %jmp T_8.11;
T_8.9 ;
    %load/v 8, v0x1cea9f0_0, 2;
    %cmpi/u 8, 0, 2;
    %jmp/1 T_8.24, 6;
    %jmp T_8.25;
T_8.24 ;
    %load/v 8, v0x1cea940_0, 3;
    %cmpi/u 8, 2, 3;
    %jmp/0xz  T_8.26, 4;
    %ix/load 0, 3, 0;
    %assign/v0 v0x1cea940_0, 0, 0;
    %jmp T_8.27;
T_8.26 ;
    %load/v 8, v0x1cea940_0, 3;
    %cmpi/u 8, 0, 3;
    %mov 8, 4, 1;
    %load/v 9, v0x1cea940_0, 3;
    %cmpi/u 9, 1, 3;
    %or 8, 4, 1;
    %jmp/0xz  T_8.28, 8;
    %load/v 8, v0x1ceb050_0, 3;
    %ix/load 0, 3, 0;
    %assign/v0 v0x1cea940_0, 0, 8;
T_8.28 ;
T_8.27 ;
    %jmp T_8.25;
T_8.25 ;
    %jmp T_8.11;
T_8.10 ;
    %load/v 8, v0x1cea9f0_0, 2;
    %cmpi/u 8, 0, 2;
    %jmp/1 T_8.30, 6;
    %jmp T_8.31;
T_8.30 ;
    %load/v 8, v0x1cea940_0, 3;
    %cmpi/u 8, 0, 3;
    %jmp/0xz  T_8.32, 4;
    %ix/load 0, 3, 0;
    %assign/v0 v0x1cea940_0, 0, 0;
T_8.32 ;
    %jmp T_8.31;
T_8.31 ;
    %jmp T_8.11;
T_8.11 ;
    %jmp T_8.5;
T_8.5 ;
T_8.2 ;
T_8.1 ;
    %jmp T_8;
    .thread T_8;
    .scope S_0x1ce9940;
T_9 ;
    %wait E_0x1cb8ce0;
    %load/v 8, v0x1ceaa90_0, 1;
    %inv 8, 1;
    %jmp/0xz  T_9.0, 8;
    %load/v 8, v0x1ceb0f0_0, 1;
    %ix/load 0, 1, 0;
    %assign/v0 v0x1cea510_0, 0, 8;
    %jmp T_9.1;
T_9.0 ;
    %load/v 8, v0x1ceb3b0_0, 1;
    %jmp/0xz  T_9.2, 8;
    %load/v 8, v0x1ceab50_0, 2;
    %cmpi/u 8, 0, 2;
    %jmp/1 T_9.4, 6;
    %cmpi/u 8, 1, 2;
    %jmp/1 T_9.5, 6;
    %jmp T_9.6;
T_9.4 ;
    %load/v 8, v0x1ce9df0_0, 1;
    %jmp/0  T_9.7, 8;
    %load/v 9, v0x1ceb330_0, 1;
    %jmp/1  T_9.9, 8;
T_9.7 ; End of true expr.
    %load/v 10, v0x1ceb0f0_0, 1;
    %jmp/0  T_9.8, 8;
 ; End of false expr.
    %blend  9, 10, 1; Condition unknown.
    %jmp  T_9.9;
T_9.8 ;
    %mov 9, 10, 1; Return false value
T_9.9 ;
    %ix/load 0, 1, 0;
    %assign/v0 v0x1cea510_0, 0, 9;
    %jmp T_9.6;
T_9.5 ;
    %load/v 8, v0x1cea6b0_0, 4;
    %cmpi/u 8, 0, 4;
    %jmp/1 T_9.10, 6;
    %cmpi/u 8, 12, 4;
    %jmp/1 T_9.11, 6;
    %jmp T_9.12;
T_9.10 ;
    %load/v 8, v0x1ceb330_0, 1;
    %ix/load 0, 1, 0;
    %assign/v0 v0x1cea510_0, 0, 8;
    %jmp T_9.12;
T_9.11 ;
    %load/v 8, v0x1ceb0f0_0, 1;
    %ix/load 0, 1, 0;
    %assign/v0 v0x1cea510_0, 0, 8;
    %jmp T_9.12;
T_9.12 ;
    %jmp T_9.6;
T_9.6 ;
T_9.2 ;
T_9.1 ;
    %jmp T_9;
    .thread T_9;
    .scope S_0x1ce9940;
T_10 ;
    %wait E_0x1cb8ce0;
    %load/v 8, v0x1ceb3b0_0, 1;
    %jmp/0xz  T_10.0, 8;
    %load/v 8, v0x1ceab50_0, 2;
    %cmpi/u 8, 0, 2;
    %jmp/1 T_10.2, 6;
    %jmp T_10.3;
T_10.2 ;
    %load/v 8, v0x1ce9df0_0, 1;
    %jmp/0  T_10.4, 8;
    %load/v 9, v0x1ce9cb0_0, 32;
    %jmp/1  T_10.6, 8;
T_10.4 ; End of true expr.
    %load/v 41, v0x1cea340_0, 32;
    %jmp/0  T_10.5, 8;
 ; End of false expr.
    %blend  9, 41, 32; Condition unknown.
    %jmp  T_10.6;
T_10.5 ;
    %mov 9, 41, 32; Return false value
T_10.6 ;
    %ix/load 0, 32, 0;
    %assign/v0 v0x1cea340_0, 0, 9;
    %jmp T_10.3;
T_10.3 ;
T_10.0 ;
    %jmp T_10;
    .thread T_10;
    .scope S_0x1ce9940;
T_11 ;
    %wait E_0x1cb8ce0;
    %load/v 8, v0x1ceaa90_0, 1;
    %inv 8, 1;
    %jmp/0xz  T_11.0, 8;
    %ix/load 0, 32, 0;
    %assign/v0 v0x1cea490_0, 0, 0;
    %jmp T_11.1;
T_11.0 ;
    %load/v 8, v0x1ceb3b0_0, 1;
    %jmp/0xz  T_11.2, 8;
    %load/v 8, v0x1ceab50_0, 2;
    %cmpi/u 8, 1, 2;
    %jmp/1 T_11.4, 6;
    %jmp T_11.5;
T_11.4 ;
    %load/v 8, v0x1cea6b0_0, 4;
    %cmpi/u 8, 8, 4;
    %jmp/1 T_11.6, 6;
    %jmp T_11.7;
T_11.6 ;
    %load/v 8, v0x1cea9f0_0, 2;
    %cmpi/u 8, 0, 2;
    %jmp/1 T_11.8, 6;
    %jmp T_11.9;
T_11.8 ;
    %load/v 8, v0x1cea940_0, 3;
    %cmpi/u 8, 0, 3;
    %jmp/0xz  T_11.10, 4;
    %load/v 8, v0x1cea200_0, 32;
    %ix/load 0, 32, 0;
    %assign/v0 v0x1cea490_0, 0, 8;
T_11.10 ;
    %jmp T_11.9;
T_11.9 ;
    %jmp T_11.7;
T_11.7 ;
    %jmp T_11.5;
T_11.5 ;
T_11.2 ;
T_11.1 ;
    %jmp T_11;
    .thread T_11;
    .scope S_0x1ce9940;
T_12 ;
    %wait E_0x1cb8ce0;
    %load/v 8, v0x1ceaa90_0, 1;
    %inv 8, 1;
    %jmp/0xz  T_12.0, 8;
    %load/v 8, v0x1ceb0f0_0, 1;
    %ix/load 0, 1, 0;
    %assign/v0 v0x1cea630_0, 0, 8;
    %jmp T_12.1;
T_12.0 ;
    %load/v 8, v0x1ceb3b0_0, 1;
    %jmp/0xz  T_12.2, 8;
    %load/v 8, v0x1ceab50_0, 2;
    %cmpi/u 8, 1, 2;
    %jmp/1 T_12.4, 6;
    %jmp T_12.5;
T_12.4 ;
    %load/v 8, v0x1cea6b0_0, 4;
    %cmpi/u 8, 8, 4;
    %jmp/1 T_12.6, 6;
    %cmpi/u 8, 12, 4;
    %jmp/1 T_12.7, 6;
    %jmp T_12.8;
T_12.6 ;
    %load/v 8, v0x1cea9f0_0, 2;
    %cmpi/u 8, 0, 2;
    %jmp/1 T_12.9, 6;
    %jmp T_12.10;
T_12.9 ;
    %load/v 8, v0x1cea940_0, 3;
    %cmpi/u 8, 0, 3;
    %jmp/0xz  T_12.11, 4;
    %load/v 8, v0x1ceb0f0_0, 1;
    %ix/load 0, 1, 0;
    %assign/v0 v0x1cea630_0, 0, 8;
T_12.11 ;
    %jmp T_12.10;
T_12.10 ;
    %jmp T_12.8;
T_12.7 ;
    %load/v 8, v0x1ceb0f0_0, 1;
    %ix/load 0, 1, 0;
    %assign/v0 v0x1cea630_0, 0, 8;
    %jmp T_12.8;
T_12.8 ;
    %jmp T_12.5;
T_12.5 ;
T_12.2 ;
T_12.1 ;
    %jmp T_12;
    .thread T_12;
    .scope S_0x1ce9940;
T_13 ;
    %wait E_0x1cb8ce0;
    %load/v 8, v0x1ceb3b0_0, 1;
    %jmp/0xz  T_13.0, 8;
    %load/v 8, v0x1ceab50_0, 2;
    %cmpi/u 8, 1, 2;
    %jmp/1 T_13.2, 6;
    %jmp T_13.3;
T_13.2 ;
    %load/v 8, v0x1cea6b0_0, 4;
    %cmpi/u 8, 4, 4;
    %jmp/1 T_13.4, 6;
    %cmpi/u 8, 8, 4;
    %jmp/1 T_13.5, 6;
    %jmp T_13.6;
T_13.4 ;
    %load/v 8, v0x1cea9f0_0, 2;
    %cmpi/u 8, 0, 2;
    %jmp/1 T_13.7, 6;
    %jmp T_13.8;
T_13.7 ;
    %load/v 8, v0x1cea940_0, 3;
    %cmpi/u 8, 0, 3;
    %jmp/0xz  T_13.9, 4;
    %load/v 8, v0x1ceb290_0, 32;
    %ix/load 0, 32, 0;
    %assign/v0 v0x1cea200_0, 0, 8;
T_13.9 ;
    %jmp T_13.8;
T_13.8 ;
    %jmp T_13.6;
T_13.5 ;
    %load/v 8, v0x1cea9f0_0, 2;
    %cmpi/u 8, 0, 2;
    %jmp/1 T_13.11, 6;
    %jmp T_13.12;
T_13.11 ;
    %load/v 8, v0x1cea940_0, 3;
    %cmpi/u 8, 0, 3;
    %jmp/0xz  T_13.13, 4;
    %load/v 8, v0x1ceb4d0_0, 32;
    %ix/load 0, 32, 0;
    %assign/v0 v0x1cea200_0, 0, 8;
T_13.13 ;
    %jmp T_13.12;
T_13.12 ;
    %jmp T_13.6;
T_13.6 ;
    %jmp T_13.3;
T_13.3 ;
T_13.0 ;
    %jmp T_13;
    .thread T_13;
    .scope S_0x1ce9940;
T_14 ;
    %wait E_0x1cb8ce0;
    %load/v 8, v0x1ceb3b0_0, 1;
    %jmp/0xz  T_14.0, 8;
    %load/v 8, v0x1ceab50_0, 2;
    %cmpi/u 8, 1, 2;
    %jmp/1 T_14.2, 6;
    %jmp T_14.3;
T_14.2 ;
    %load/v 8, v0x1cea6b0_0, 4;
    %cmpi/u 8, 2, 4;
    %jmp/1 T_14.4, 6;
    %cmpi/u 8, 8, 4;
    %jmp/1 T_14.5, 6;
    %jmp T_14.6;
T_14.4 ;
    %load/v 8, v0x1cea9f0_0, 2;
    %cmpi/u 8, 0, 2;
    %jmp/1 T_14.7, 6;
    %jmp T_14.8;
T_14.7 ;
    %load/v 8, v0x1cea940_0, 3;
    %cmpi/u 8, 0, 3;
    %jmp/0xz  T_14.9, 4;
    %load/v 8, v0x1ceb290_0, 32;
    %ix/load 0, 32, 0;
    %assign/v0 v0x1cea2a0_0, 0, 8;
T_14.9 ;
    %jmp T_14.8;
T_14.8 ;
    %jmp T_14.6;
T_14.5 ;
    %load/v 8, v0x1cea9f0_0, 2;
    %cmpi/u 8, 0, 2;
    %jmp/1 T_14.11, 6;
    %jmp T_14.12;
T_14.11 ;
    %load/v 8, v0x1cea940_0, 3;
    %cmpi/u 8, 2, 3;
    %jmp/0xz  T_14.13, 4;
    %load/v 8, v0x1ceb610_0, 32;
    %ix/load 0, 32, 0;
    %assign/v0 v0x1cea2a0_0, 0, 8;
T_14.13 ;
    %jmp T_14.12;
T_14.12 ;
    %jmp T_14.6;
T_14.6 ;
    %jmp T_14.3;
T_14.3 ;
T_14.0 ;
    %jmp T_14;
    .thread T_14;
    .scope S_0x1ce8a30;
T_15 ;
    %set/v v0x1ce9810_0, 0, 2;
    %end;
    .thread T_15;
    .scope S_0x1ce8a30;
T_16 ;
    %wait E_0x1cb8ce0;
    %load/v 8, v0x1ce9620_0, 1;
    %inv 8, 1;
    %jmp/0xz  T_16.0, 8;
    %ix/load 0, 32, 0;
    %assign/v0 v0x1ce8d00_0, 0, 0;
    %ix/load 0, 3, 0;
    %assign/v0 v0x1ce9770_0, 0, 0;
T_16.0 ;
    %ix/load 0, 1, 0;
    %assign/v0 v0x1ce9500_0, 0, 0;
    %ix/load 0, 1, 0;
    %assign/v0 v0x1ce8d80_0, 0, 0;
    %ix/load 0, 1, 0;
    %assign/v0 v0x1ce9320_0, 0, 0;
    %ix/load 0, 1, 0;
    %assign/v0 v0x1ce95a0_0, 0, 0;
    %load/v 8, v0x1ce9770_0, 3;
    %mov 11, 0, 1;
    %cmpi/u 8, 0, 4;
    %jmp/0xz  T_16.2, 4;
    %movi 8, 1, 3;
    %set/v v0x1ce9770_0, 8, 3;
    %jmp T_16.3;
T_16.2 ;
    %load/v 8, v0x1ce9770_0, 3;
    %mov 11, 0, 1;
    %cmpi/u 8, 1, 4;
    %jmp/0xz  T_16.4, 4;
    %ix/load 0, 1, 0;
    %assign/v0 v0x1ce95a0_0, 0, 1;
    %ix/load 0, 1, 0;
    %assign/v0 v0x1ce8d80_0, 0, 1;
    %ix/load 0, 1, 0;
    %assign/v0 v0x1ce9500_0, 0, 1;
    %movi 8, 2, 3;
    %ix/load 0, 3, 0;
    %assign/v0 v0x1ce9770_0, 0, 8;
    %jmp T_16.5;
T_16.4 ;
    %load/v 8, v0x1ce9770_0, 3;
    %mov 11, 0, 1;
    %cmpi/u 8, 2, 4;
    %jmp/0xz  T_16.6, 4;
    %load/v 8, v0x1ce9810_0, 2;
    %cmpi/u 8, 1, 2;
    %jmp/0xz  T_16.8, 4;
    %ix/load 0, 2, 0;
    %assign/v0 v0x1ce9810_0, 0, 0;
    %load/v 8, v0x1ce8d00_0, 32;
    %set/v v0x1ce93c0_0, 8, 32;
    %ix/load 0, 1, 0;
    %load/vp0 8, v0x1ce8d00_0, 32;
    %set/v v0x1ce8d00_0, 8, 32;
    %ix/load 0, 1, 0;
    %assign/v0 v0x1ce9500_0, 0, 1;
    %ix/load 0, 1, 0;
    %assign/v0 v0x1ce8d80_0, 0, 1;
    %ix/load 0, 1, 0;
    %assign/v0 v0x1ce95a0_0, 0, 1;
    %jmp T_16.9;
T_16.8 ;
    %ix/load 0, 1, 0;
    %load/vp0 8, v0x1ce9810_0, 2;
    %ix/load 0, 2, 0;
    %assign/v0 v0x1ce9810_0, 0, 8;
T_16.9 ;
    %movi 8, 5, 32;
    %load/v 40, v0x1ce8d00_0, 32;
    %cmp/u 8, 40, 32;
    %jmp/0xz  T_16.10, 5;
    %movi 8, 3, 3;
    %set/v v0x1ce9770_0, 8, 3;
    %jmp T_16.11;
T_16.10 ;
    %movi 8, 2, 3;
    %set/v v0x1ce9770_0, 8, 3;
T_16.11 ;
    %jmp T_16.7;
T_16.6 ;
    %load/v 8, v0x1ce9770_0, 3;
    %mov 11, 0, 1;
    %cmpi/u 8, 3, 4;
    %jmp/0xz  T_16.12, 4;
    %ix/load 0, 1, 0;
    %assign/v0 v0x1ce9320_0, 0, 1;
    %movi 8, 4, 3;
    %ix/load 0, 3, 0;
    %assign/v0 v0x1ce9770_0, 0, 8;
    %jmp T_16.13;
T_16.12 ;
    %load/v 8, v0x1ce9770_0, 3;
    %mov 11, 0, 1;
    %cmpi/u 8, 4, 4;
    %jmp/0xz  T_16.14, 4;
    %ix/load 0, 1, 0;
    %assign/v0 v0x1ce9320_0, 0, 0;
T_16.14 ;
T_16.13 ;
T_16.7 ;
T_16.5 ;
T_16.3 ;
    %jmp T_16;
    .thread T_16;
    .scope S_0x1c6d350;
T_17 ;
    %set/v v0x1ce7630_0, 0, 32;
    %end;
    .thread T_17;
    .scope S_0x1c6d350;
T_18 ;
    %set/v v0x1ce76e0_0, 0, 32;
    %end;
    .thread T_18;
    .scope S_0x1c6d350;
T_19 ;
    %set/v v0x1ce81f0_0, 0, 1;
    %end;
    .thread T_19;
    .scope S_0x1c6d350;
T_20 ;
    %wait E_0x1cb8ce0;
    %load/v 8, v0x1ce76e0_0, 32;
    %mov 40, 0, 1;
    %addi 8, 1, 33;
    %ix/load 0, 32, 0;
    %assign/v0 v0x1ce76e0_0, 0, 8;
    %load/v 8, v0x1ce76e0_0, 32;
   %cmpi/u 8, 2, 32;
    %or 5, 4, 1;
    %jmp/0xz  T_20.0, 5;
    %set/v v0x1ce81f0_0, 1, 1;
    %jmp T_20.1;
T_20.0 ;
    %set/v v0x1ce81f0_0, 0, 1;
T_20.1 ;
    %jmp T_20;
    .thread T_20;
    .scope S_0x1c6d350;
T_21 ;
    %wait E_0x1cb8ce0;
    %load/v 8, v0x1ce7c30_0, 32;
    %set/v v0x1ce7d40_0, 8, 32;
    %load/v 8, v0x1ce8270_0, 32;
    %set/v v0x1ce8150_0, 8, 32;
    %load/v 8, v0x1ce7de0_0, 1;
    %set/v v0x1ce7f00_0, 8, 1;
    %set/v v0x1ce7630_0, 0, 32;
    %load/v 8, v0x1ce81f0_0, 1;
    %jmp/0xz  T_21.0, 8;
    %set/v v0x1ce7d40_0, 0, 32;
    %set/v v0x1ce8150_0, 0, 32;
    %set/v v0x1ce7f00_0, 0, 1;
    %set/v v0x1ce7b90_0, 0, 1;
    %set/v v0x1ce79f0_0, 1, 1;
    %jmp T_21.1;
T_21.0 ;
    %load/v 8, v0x1ce7e60_0, 1;
    %jmp/0xz  T_21.2, 8;
    %load/v 8, v0x1ce7f00_0, 1;
    %load/v 9, v0x1ce7d40_0, 32;
    %load/v 41, v0x1ce8150_0, 32;
    %cmp/u 9, 41, 32;
    %inv 4, 1;
    %or 8, 4, 1;
    %jmp/0xz  T_21.4, 8;
    %load/v 8, v0x1ce8150_0, 32;
    %movi 40, 1048575, 32;
    %cmp/u 8, 40, 32;
    %jmp/0xz  T_21.6, 4;
    %set/v v0x1ce8150_0, 0, 32;
    %set/v v0x1ce7f00_0, 0, 1;
    %jmp T_21.7;
T_21.6 ;
    %load/v 8, v0x1ce8150_0, 32;
    %mov 40, 39, 1;
    %addi 8, 1, 33;
    %set/v v0x1ce8150_0, 8, 32;
T_21.7 ;
T_21.4 ;
T_21.2 ;
    %load/v 8, v0x1ce83a0_0, 1;
    %jmp/0xz  T_21.8, 8;
    %load/v 8, v0x1ce7f00_0, 1;
    %cmpi/u 8, 0, 1;
    %mov 8, 4, 1;
    %load/v 9, v0x1ce7d40_0, 32;
    %load/v 41, v0x1ce8150_0, 32;
    %cmp/u 9, 41, 32;
    %inv 4, 1;
    %or 8, 4, 1;
    %jmp/0xz  T_21.10, 8;
    %load/v 8, v0x1ce7780_0, 32;
    %ix/getv/s 3, v0x1ce7d40_0;
    %jmp/1 t_2, 4;
    %ix/load 0, 32, 0; word width
    %ix/load 1, 0, 0; part off
    %assign/av v0x1ce7fa0, 0, 8;
t_2 ;
    %load/v 8, v0x1ce7d40_0, 32;
    %movi 40, 1048575, 32;
    %cmp/u 8, 40, 32;
    %jmp/0xz  T_21.12, 4;
    %set/v v0x1ce7d40_0, 0, 32;
    %set/v v0x1ce7f00_0, 1, 1;
    %jmp T_21.13;
T_21.12 ;
    %load/v 8, v0x1ce7d40_0, 32;
    %mov 40, 39, 1;
    %addi 8, 1, 33;
    %set/v v0x1ce7d40_0, 8, 32;
T_21.13 ;
T_21.10 ;
T_21.8 ;
    %load/v 8, v0x1ce7d40_0, 32;
    %load/v 40, v0x1ce8150_0, 32;
    %cmp/u 8, 40, 32;
    %jmp/0xz  T_21.14, 4;
    %load/v 8, v0x1ce7f00_0, 1;
    %jmp/0xz  T_21.16, 8;
    %set/v v0x1ce7b90_0, 1, 1;
    %set/v v0x1ce79f0_0, 0, 1;
    %movi 8, 1048576, 32;
    %set/v v0x1ce7630_0, 8, 32;
    %jmp T_21.17;
T_21.16 ;
    %set/v v0x1ce7b90_0, 0, 1;
    %set/v v0x1ce79f0_0, 1, 1;
    %set/v v0x1ce7630_0, 0, 32;
T_21.17 ;
    %jmp T_21.15;
T_21.14 ;
    %set/v v0x1ce79f0_0, 0, 1;
    %set/v v0x1ce7b90_0, 0, 1;
    %load/v 8, v0x1ce7d40_0, 32;
    %load/v 40, v0x1ce8150_0, 32;
    %cmp/s 8, 40, 32;
    %jmp/0xz  T_21.18, 5;
    %movi 8, 1048576, 34;
    %load/v 42, v0x1ce7d40_0, 32;
    %mov 74, 73, 1;
    %mov 75, 73, 1;
    %add 8, 42, 34;
    %load/v 42, v0x1ce8150_0, 32;
    %mov 74, 73, 1;
    %mov 75, 73, 1;
    %sub 8, 42, 34;
    %set/v v0x1ce7630_0, 8, 32;
    %jmp T_21.19;
T_21.18 ;
    %load/v 8, v0x1ce7d40_0, 32;
    %load/v 40, v0x1ce8150_0, 32;
    %sub 8, 40, 32;
    %set/v v0x1ce7630_0, 8, 32;
T_21.19 ;
T_21.15 ;
T_21.1 ;
    %load/v 8, v0x1ce7d40_0, 32;
    %ix/load 0, 32, 0;
    %assign/v0 v0x1ce7c30_0, 0, 8;
    %load/v 8, v0x1ce8150_0, 32;
    %ix/load 0, 32, 0;
    %assign/v0 v0x1ce8270_0, 0, 8;
    %load/v 8, v0x1ce7f00_0, 1;
    %ix/load 0, 1, 0;
    %assign/v0 v0x1ce7de0_0, 0, 8;
    %load/v 8, v0x1ce7630_0, 32;
    %ix/load 0, 32, 0;
    %assign/v0 v0x1ce7590_0, 0, 8;
    %load/v 8, v0x1ce7b90_0, 1;
    %ix/load 0, 1, 0;
    %assign/v0 v0x1ce7a90_0, 0, 8;
    %load/v 8, v0x1ce79f0_0, 1;
    %ix/load 0, 1, 0;
    %assign/v0 v0x1ce7900_0, 0, 8;
    %jmp T_21;
    .thread T_21;
    .scope S_0x1c6b640;
T_22 ;
    %set/v v0x1cedca0_0, 0, 1;
    %end;
    .thread T_22;
    .scope S_0x1c6b640;
T_23 ;
    %set/v v0x1cedfc0_0, 0, 1;
    %end;
    .thread T_23;
    .scope S_0x1c6b640;
T_24 ;
    %movi 8, 1, 32;
    %set/v v0x1cedda0_0, 8, 32;
    %end;
    .thread T_24;
    .scope S_0x1c6b640;
T_25 ;
    %delay 5000, 0;
    %load/v 8, v0x1cedca0_0, 1;
    %inv 8, 1;
    %ix/load 0, 1, 0;
    %assign/v0 v0x1cedca0_0, 0, 8;
    %jmp T_25;
    .thread T_25;
    .scope S_0x1c6b640;
T_26 ;
    %set/v v0x1cedd20_0, 0, 32;
    %end;
    .thread T_26;
    .scope S_0x1c6b640;
T_27 ;
    %wait E_0x1ccd330;
    %load/v 8, v0x1cedd20_0, 32;
    %mov 40, 0, 1;
    %addi 8, 1, 33;
    %ix/load 0, 32, 0;
    %assign/v0 v0x1cedd20_0, 0, 8;
    %load/v 8, v0x1cede20_0, 32;
    %cmp/u 8, 3, 32;
    %inv 4, 1;
    %jmp/0xz  T_27.0, 4;
    %vpi_call 2 57 "$finish";
T_27.0 ;
    %jmp T_27;
    .thread T_27;
    .scope S_0x1c6b640;
T_28 ;
    %vpi_call 2 62 "$dumpfile", "wave.vcd";
    %vpi_call 2 63 "$dumpvars", 1'sb0, S_0x1cb6b60;
    %end;
    .thread T_28;
    .scope S_0x1c6b640;
T_29 ;
    %set/v v0x1cedc20_0, 0, 1;
    %delay 100000, 0;
    %set/v v0x1cedfc0_0, 1, 1;
    %set/v v0x1cedc20_0, 1, 1;
    %movi 8, 5, 32;
    %set/v v0x1cede20_0, 8, 32;
    %end;
    .thread T_29;
    .scope S_0x1c6b640;
T_30 ;
    %wait E_0x1ccd330;
    %movi 8, 5, 32;
    %load/v 40, v0x1cedda0_0, 32;
    %cmp/u 8, 40, 32;
    %jmp/0xz  T_30.0, 5;
    %set/v v0x1cee090_0, 1, 1;
T_30.0 ;
    %ix/load 0, 1, 0;
    %load/vp0 8, v0x1cedda0_0, 32;
    %set/v v0x1cedda0_0, 8, 32;
    %set/v v0x1cee090_0, 1, 1;
    %jmp T_30;
    .thread T_30;
# The file index is used to find the file name in the following table.
:file_names 10;
    "N/A";
    "<interactive>";
    "testbench.v";
    "design_1_wrapper.v";
    "design_1.v";
    "ram.v";
    "PE.v";
    "fifo2bram.v";
    "simple_fifo_32.v";
    "simple_fifo.v";
